<?xml version="1.0" encoding="UTF-8"?>
<testsuite xmlns:xsi="http://www.w3.org/2001/XMLSchema-instance" xsi:noNamespaceSchemaLocation="https://maven.apache.org/surefire/maven-surefire-plugin/xsd/surefire-test-report-3.0.xsd" version="3.0" name="com.stilles.stilles_auto.StillesAutoApplicationTests" time="13.295" tests="1" errors="0" skipped="0" failures="0">
  <properties>
[...]
</properties>
  <testcase name="contextLoads" classname="com.stilles.stilles_auto.StillesAutoApplicationTests" time="1.805">
    <system-out><![CDATA[21:52:06.104 [main] INFO org.springframework.test.context.support.AnnotationConfigContextLoaderUtils -- Could not detect default configuration classes for test class [com.stilles.stilles_auto.StillesAutoApplicationTests]: StillesAutoApplicationTests does not declare any static, non-private, non-final, nested classes annotated with @Configuration.
21:52:06.316 [main] INFO org.springframework.boot.test.context.SpringBootTestContextBootstrapper -- Found @SpringBootConfiguration com.stilles.stilles_auto.StillesAutoApplication for test class com.stilles.stilles_auto.StillesAutoApplicationTests
21:52:06.648 [main] INFO org.springframework.boot.devtools.restart.RestartApplicationListener -- Restart disabled due to context in which it is running

  .   ____          _            __ _ _
 /\\ / ___'_ __ _ _(_)_ __  __ _ \ \ \ \
( ( )\___ | '_ | '_| | '_ \/ _` | \ \ \ \
 \\/  ___)| |_)| | | | | || (_| |  ) ) ) )
  '  |____| .__|_| |_|_| |_\__, | / / / /
 =========|_|==============|___/=/_/_/_/

 :: Spring Boot ::                (v3.3.2)

2025-12-03T21:52:07.262+01:00  INFO 47274 --- [stilles_auto] [           main] c.s.s.StillesAutoApplicationTests        : Starting StillesAutoApplicationTests using Java 21.0.9 with PID 47274 (started by varnel in /home/varnel/Downloads/stilles_auto)
2025-12-03T21:52:07.265+01:00 DEBUG 47274 --- [stilles_auto] [           main] c.s.s.StillesAutoApplicationTests        : Running with Spring Boot v3.3.2, Spring v6.1.11
2025-12-03T21:52:07.267+01:00  INFO 47274 --- [stilles_auto] [           main] c.s.s.StillesAutoApplicationTests        : No active profile set, falling back to 1 default profile: "default"
2025-12-03T21:52:09.531+01:00  INFO 47274 --- [stilles_auto] [           main] .s.d.r.c.RepositoryConfigurationDelegate : Multiple Spring Data modules found, entering strict repository configuration mode
2025-12-03T21:52:09.536+01:00  INFO 47274 --- [stilles_auto] [           main] .s.d.r.c.RepositoryConfigurationDelegate : Bootstrapping Spring Data Elasticsearch repositories in DEFAULT mode.
2025-12-03T21:52:09.617+01:00  INFO 47274 --- [stilles_auto] [           main] .RepositoryConfigurationExtensionSupport : Spring Data Elasticsearch - Could not safely identify store assignment for repository candidate interface com.stilles.stilles_auto.repository.AccessoryOrderRepository; If you want this repository to be a Elasticsearch repository, consider annotating your entities with one of these annotations: org.springframework.data.elasticsearch.annotations.Document (preferred), or consider extending one of the following types with your repository: org.springframework.data.elasticsearch.repository.ElasticsearchRepository
2025-12-03T21:52:09.620+01:00  INFO 47274 --- [stilles_auto] [           main] .RepositoryConfigurationExtensionSupport : Spring Data Elasticsearch - Could not safely identify store assignment for repository candidate interface com.stilles.stilles_auto.repository.AccessoryRepository; If you want this repository to be a Elasticsearch repository, consider annotating your entities with one of these annotations: org.springframework.data.elasticsearch.annotations.Document (preferred), or consider extending one of the following types with your repository: org.springframework.data.elasticsearch.repository.ElasticsearchRepository
2025-12-03T21:52:09.622+01:00  INFO 47274 --- [stilles_auto] [           main] .RepositoryConfigurationExtensionSupport : Spring Data Elasticsearch - Could not safely identify store assignment for repository candidate interface com.stilles.stilles_auto.repository.ImportExportRequestRepository; If you want this repository to be a Elasticsearch repository, consider annotating your entities with one of these annotations: org.springframework.data.elasticsearch.annotations.Document (preferred), or consider extending one of the following types with your repository: org.springframework.data.elasticsearch.repository.ElasticsearchRepository
2025-12-03T21:52:09.624+01:00  INFO 47274 --- [stilles_auto] [           main] .RepositoryConfigurationExtensionSupport : Spring Data Elasticsearch - Could not safely identify store assignment for repository candidate interface com.stilles.stilles_auto.repository.RentalRepository; If you want this repository to be a Elasticsearch repository, consider annotating your entities with one of these annotations: org.springframework.data.elasticsearch.annotations.Document (preferred), or consider extending one of the following types with your repository: org.springframework.data.elasticsearch.repository.ElasticsearchRepository
2025-12-03T21:52:09.626+01:00  INFO 47274 --- [stilles_auto] [           main] .RepositoryConfigurationExtensionSupport : Spring Data Elasticsearch - Could not safely identify store assignment for repository candidate interface com.stilles.stilles_auto.repository.RentalReturnRepository; If you want this repository to be a Elasticsearch repository, consider annotating your entities with one of these annotations: org.springframework.data.elasticsearch.annotations.Document (preferred), or consider extending one of the following types with your repository: org.springframework.data.elasticsearch.repository.ElasticsearchRepository
2025-12-03T21:52:09.628+01:00  INFO 47274 --- [stilles_auto] [           main] .RepositoryConfigurationExtensionSupport : Spring Data Elasticsearch - Could not safely identify store assignment for repository candidate interface com.stilles.stilles_auto.repository.SaleRepository; If you want this repository to be a Elasticsearch repository, consider annotating your entities with one of these annotations: org.springframework.data.elasticsearch.annotations.Document (preferred), or consider extending one of the following types with your repository: org.springframework.data.elasticsearch.repository.ElasticsearchRepository
2025-12-03T21:52:09.629+01:00  INFO 47274 --- [stilles_auto] [           main] .RepositoryConfigurationExtensionSupport : Spring Data Elasticsearch - Could not safely identify store assignment for repository candidate interface com.stilles.stilles_auto.repository.UserRepository; If you want this repository to be a Elasticsearch repository, consider annotating your entities with one of these annotations: org.springframework.data.elasticsearch.annotations.Document (preferred), or consider extending one of the following types with your repository: org.springframework.data.elasticsearch.repository.ElasticsearchRepository
2025-12-03T21:52:09.631+01:00  INFO 47274 --- [stilles_auto] [           main] .RepositoryConfigurationExtensionSupport : Spring Data Elasticsearch - Could not safely identify store assignment for repository candidate interface com.stilles.stilles_auto.repository.VehicleRepository; If you want this repository to be a Elasticsearch repository, consider annotating your entities with one of these annotations: org.springframework.data.elasticsearch.annotations.Document (preferred), or consider extending one of the following types with your repository: org.springframework.data.elasticsearch.repository.ElasticsearchRepository
2025-12-03T21:52:09.633+01:00  INFO 47274 --- [stilles_auto] [           main] .s.d.r.c.RepositoryConfigurationDelegate : Finished Spring Data repository scanning in 87 ms. Found 0 Elasticsearch repository interfaces.
2025-12-03T21:52:09.646+01:00  INFO 47274 --- [stilles_auto] [           main] .s.d.r.c.RepositoryConfigurationDelegate : Multiple Spring Data modules found, entering strict repository configuration mode
2025-12-03T21:52:09.648+01:00  INFO 47274 --- [stilles_auto] [           main] .s.d.r.c.RepositoryConfigurationDelegate : Bootstrapping Spring Data Reactive Elasticsearch repositories in DEFAULT mode.
2025-12-03T21:52:09.663+01:00  INFO 47274 --- [stilles_auto] [           main] .RepositoryConfigurationExtensionSupport : Spring Data Reactive Elasticsearch - Could not safely identify store assignment for repository candidate interface com.stilles.stilles_auto.repository.AccessoryOrderRepository; If you want this repository to be a Reactive Elasticsearch repository, consider annotating your entities with one of these annotations: org.springframework.data.elasticsearch.annotations.Document (preferred), or consider extending one of the following types with your repository: org.springframework.data.elasticsearch.repository.ReactiveElasticsearchRepository
2025-12-03T21:52:09.664+01:00  INFO 47274 --- [stilles_auto] [           main] .RepositoryConfigurationExtensionSupport : Spring Data Reactive Elasticsearch - Could not safely identify store assignment for repository candidate interface com.stilles.stilles_auto.repository.AccessoryRepository; If you want this repository to be a Reactive Elasticsearch repository, consider annotating your entities with one of these annotations: org.springframework.data.elasticsearch.annotations.Document (preferred), or consider extending one of the following types with your repository: org.springframework.data.elasticsearch.repository.ReactiveElasticsearchRepository
2025-12-03T21:52:09.665+01:00  INFO 47274 --- [stilles_auto] [           main] .RepositoryConfigurationExtensionSupport : Spring Data Reactive Elasticsearch - Could not safely identify store assignment for repository candidate interface com.stilles.stilles_auto.repository.ImportExportRequestRepository; If you want this repository to be a Reactive Elasticsearch repository, consider annotating your entities with one of these annotations: org.springframework.data.elasticsearch.annotations.Document (preferred), or consider extending one of the following types with your repository: org.springframework.data.elasticsearch.repository.ReactiveElasticsearchRepository
2025-12-03T21:52:09.666+01:00  INFO 47274 --- [stilles_auto] [           main] .RepositoryConfigurationExtensionSupport : Spring Data Reactive Elasticsearch - Could not safely identify store assignment for repository candidate interface com.stilles.stilles_auto.repository.RentalRepository; If you want this repository to be a Reactive Elasticsearch repository, consider annotating your entities with one of these annotations: org.springframework.data.elasticsearch.annotations.Document (preferred), or consider extending one of the following types with your repository: org.springframework.data.elasticsearch.repository.ReactiveElasticsearchRepository
2025-12-03T21:52:09.667+01:00  INFO 47274 --- [stilles_auto] [           main] .RepositoryConfigurationExtensionSupport : Spring Data Reactive Elasticsearch - Could not safely identify store assignment for repository candidate interface com.stilles.stilles_auto.repository.RentalReturnRepository; If you want this repository to be a Reactive Elasticsearch repository, consider annotating your entities with one of these annotations: org.springframework.data.elasticsearch.annotations.Document (preferred), or consider extending one of the following types with your repository: org.springframework.data.elasticsearch.repository.ReactiveElasticsearchRepository
2025-12-03T21:52:09.668+01:00  INFO 47274 --- [stilles_auto] [           main] .RepositoryConfigurationExtensionSupport : Spring Data Reactive Elasticsearch - Could not safely identify store assignment for repository candidate interface com.stilles.stilles_auto.repository.SaleRepository; If you want this repository to be a Reactive Elasticsearch repository, consider annotating your entities with one of these annotations: org.springframework.data.elasticsearch.annotations.Document (preferred), or consider extending one of the following types with your repository: org.springframework.data.elasticsearch.repository.ReactiveElasticsearchRepository
2025-12-03T21:52:09.669+01:00  INFO 47274 --- [stilles_auto] [           main] .RepositoryConfigurationExtensionSupport : Spring Data Reactive Elasticsearch - Could not safely identify store assignment for repository candidate interface com.stilles.stilles_auto.repository.UserRepository; If you want this repository to be a Reactive Elasticsearch repository, consider annotating your entities with one of these annotations: org.springframework.data.elasticsearch.annotations.Document (preferred), or consider extending one of the following types with your repository: org.springframework.data.elasticsearch.repository.ReactiveElasticsearchRepository
2025-12-03T21:52:09.670+01:00  INFO 47274 --- [stilles_auto] [           main] .RepositoryConfigurationExtensionSupport : Spring Data Reactive Elasticsearch - Could not safely identify store assignment for repository candidate interface com.stilles.stilles_auto.repository.VehicleRepository; If you want this repository to be a Reactive Elasticsearch repository, consider annotating your entities with one of these annotations: org.springframework.data.elasticsearch.annotations.Document (preferred), or consider extending one of the following types with your repository: org.springframework.data.elasticsearch.repository.ReactiveElasticsearchRepository
2025-12-03T21:52:09.670+01:00  INFO 47274 --- [stilles_auto] [           main] .s.d.r.c.RepositoryConfigurationDelegate : Finished Spring Data repository scanning in 21 ms. Found 0 Reactive Elasticsearch repository interfaces.
2025-12-03T21:52:09.701+01:00  INFO 47274 --- [stilles_auto] [           main] .s.d.r.c.RepositoryConfigurationDelegate : Multiple Spring Data modules found, entering strict repository configuration mode
2025-12-03T21:52:09.702+01:00  INFO 47274 --- [stilles_auto] [           main] .s.d.r.c.RepositoryConfigurationDelegate : Bootstrapping Spring Data R2DBC repositories in DEFAULT mode.
2025-12-03T21:52:09.962+01:00  INFO 47274 --- [stilles_auto] [           main] .s.d.r.c.RepositoryConfigurationDelegate : Finished Spring Data repository scanning in 259 ms. Found 8 R2DBC repository interfaces.
2025-12-03T21:52:10.930+01:00 DEBUG 47274 --- [stilles_auto] [           main] io.r2dbc.postgresql.Extensions           : Discovering Extensions using ServiceLoader
2025-12-03T21:52:10.933+01:00 DEBUG 47274 --- [stilles_auto] [           main] io.r2dbc.postgresql.Extensions           : Registering extension io.r2dbc.postgresql.codec.BuiltinDynamicCodecs
2025-12-03T21:52:14.590+01:00  INFO 47274 --- [stilles_auto] [           main] o.s.b.a.e.web.EndpointLinksResolver      : Exposing 1 endpoint beneath base path '/actuator'
2025-12-03T21:52:16.208+01:00 DEBUG 47274 --- [stilles_auto] [tor-tcp-epoll-1] i.r.p.client.ReactorNettyClient          : [cid: 0x1] Request:  StartupMessage{, database='stilles_auto', username='postgres'}
2025-12-03T21:52:16.274+01:00 DEBUG 47274 --- [stilles_auto] [tor-tcp-epoll-1] i.r.p.client.ReactorNettyClient          : [cid: 0x1] Response: AuthenticationSASL{authenticationMechanisms=[SCRAM-SHA-256]}
2025-12-03T21:52:16.317+01:00 DEBUG 47274 --- [stilles_auto] [tor-tcp-epoll-1] i.r.p.client.ReactorNettyClient          : [cid: 0x1] Request:  SASLInitialResponse{initialResponse=java.nio.HeapByteBuffer[pos=0 lim=40 cap=44], name='SCRAM-SHA-256'}
2025-12-03T21:52:16.321+01:00 DEBUG 47274 --- [stilles_auto] [tor-tcp-epoll-1] i.r.p.client.ReactorNettyClient          : [cid: 0x1] Response: AuthenticationSASLContinue{data=java.nio.HeapByteBuffer[pos=0 lim=84 cap=84]}
2025-12-03T21:52:16.516+01:00 DEBUG 47274 --- [stilles_auto] [tor-tcp-epoll-1] i.r.p.client.ReactorNettyClient          : [cid: 0x1] Request:  SASLResponse{data=java.nio.HeapByteBuffer[pos=0 lim=104 cap=114]}
2025-12-03T21:52:16.522+01:00 DEBUG 47274 --- [stilles_auto] [tor-tcp-epoll-1] i.r.p.client.ReactorNettyClient          : [cid: 0x1] Response: AuthenticationSASLFinal{additionalData=java.nio.HeapByteBuffer[pos=0 lim=46 cap=46]}
2025-12-03T21:52:16.524+01:00 DEBUG 47274 --- [stilles_auto] [tor-tcp-epoll-1] i.r.p.client.ReactorNettyClient          : [cid: 0x1] Response: AuthenticationOk{}
2025-12-03T21:52:16.525+01:00 DEBUG 47274 --- [stilles_auto] [tor-tcp-epoll-1] i.r.p.client.ReactorNettyClient          : [cid: 0x1] Response: ParameterStatus{name='in_hot_standby', value='off'}
2025-12-03T21:52:16.525+01:00 DEBUG 47274 --- [stilles_auto] [tor-tcp-epoll-1] i.r.p.client.ReactorNettyClient          : [cid: 0x1] Response: ParameterStatus{name='integer_datetimes', value='on'}
2025-12-03T21:52:16.526+01:00 DEBUG 47274 --- [stilles_auto] [tor-tcp-epoll-1] i.r.p.client.ReactorNettyClient          : [cid: 0x1] Response: ParameterStatus{name='TimeZone', value='Africa/Douala'}
2025-12-03T21:52:16.526+01:00 DEBUG 47274 --- [stilles_auto] [tor-tcp-epoll-1] i.r.p.client.ReactorNettyClient          : [cid: 0x1] Response: ParameterStatus{name='IntervalStyle', value='postgres'}
2025-12-03T21:52:16.527+01:00 DEBUG 47274 --- [stilles_auto] [tor-tcp-epoll-1] i.r.p.client.ReactorNettyClient          : [cid: 0x1] Response: ParameterStatus{name='is_superuser', value='on'}
2025-12-03T21:52:16.529+01:00 DEBUG 47274 --- [stilles_auto] [tor-tcp-epoll-1] i.r.p.client.ReactorNettyClient          : [cid: 0x1] Response: ParameterStatus{name='application_name', value='r2dbc-postgresql'}
2025-12-03T21:52:16.529+01:00 DEBUG 47274 --- [stilles_auto] [tor-tcp-epoll-1] i.r.p.client.ReactorNettyClient          : [cid: 0x1] Response: ParameterStatus{name='default_transaction_read_only', value='off'}
2025-12-03T21:52:16.530+01:00 DEBUG 47274 --- [stilles_auto] [tor-tcp-epoll-1] i.r.p.client.ReactorNettyClient          : [cid: 0x1] Response: ParameterStatus{name='scram_iterations', value='4096'}
2025-12-03T21:52:16.534+01:00 DEBUG 47274 --- [stilles_auto] [tor-tcp-epoll-1] i.r.p.client.ReactorNettyClient          : [cid: 0x1] Response: ParameterStatus{name='DateStyle', value='ISO, MDY'}
2025-12-03T21:52:16.535+01:00 DEBUG 47274 --- [stilles_auto] [tor-tcp-epoll-1] i.r.p.client.ReactorNettyClient          : [cid: 0x1] Response: ParameterStatus{name='standard_conforming_strings', value='on'}
2025-12-03T21:52:16.536+01:00 DEBUG 47274 --- [stilles_auto] [tor-tcp-epoll-1] i.r.p.client.ReactorNettyClient          : [cid: 0x1] Response: ParameterStatus{name='session_authorization', value='postgres'}
2025-12-03T21:52:16.536+01:00 DEBUG 47274 --- [stilles_auto] [tor-tcp-epoll-1] i.r.p.client.ReactorNettyClient          : [cid: 0x1] Response: ParameterStatus{name='client_encoding', value='UTF8'}
2025-12-03T21:52:16.537+01:00 DEBUG 47274 --- [stilles_auto] [tor-tcp-epoll-1] i.r.p.client.ReactorNettyClient          : [cid: 0x1] Response: ParameterStatus{name='server_version', value='16.10 (Ubuntu 16.10-0ubuntu0.24.04.1)'}
2025-12-03T21:52:16.542+01:00 DEBUG 47274 --- [stilles_auto] [tor-tcp-epoll-1] i.r.p.client.ReactorNettyClient          : [cid: 0x1] Response: ParameterStatus{name='server_encoding', value='UTF8'}
2025-12-03T21:52:16.543+01:00 DEBUG 47274 --- [stilles_auto] [tor-tcp-epoll-1] i.r.p.client.ReactorNettyClient          : [cid: 0x1] Response: BackendKeyData{processId=47452, secretKey=1450722597}
2025-12-03T21:52:16.544+01:00 DEBUG 47274 --- [stilles_auto] [tor-tcp-epoll-1] i.r.p.client.ReactorNettyClient          : [cid: 0x1][pid: 47452] Response: ReadyForQuery{transactionStatus=IDLE}
2025-12-03T21:52:16.694+01:00 DEBUG 47274 --- [stilles_auto] [tor-tcp-epoll-1] io.r2dbc.postgresql.QUERY                : [cid: 0x1][pid: 47452] Executing query: SHOW TRANSACTION ISOLATION LEVEL
2025-12-03T21:52:16.695+01:00 DEBUG 47274 --- [stilles_auto] [tor-tcp-epoll-1] i.r.p.client.ReactorNettyClient          : [cid: 0x1][pid: 47452] Request:  Query{query='SHOW TRANSACTION ISOLATION LEVEL'}
2025-12-03T21:52:16.701+01:00 DEBUG 47274 --- [stilles_auto] [tor-tcp-epoll-1] i.r.p.client.ReactorNettyClient          : [cid: 0x1][pid: 47452] Response: RowDescription{fields=[Field{column=0, dataType=25, dataTypeModifier=-1, dataTypeSize=-1, format=FORMAT_TEXT, name='transaction_isolation', table=0}]}
2025-12-03T21:52:16.712+01:00 DEBUG 47274 --- [stilles_auto] [tor-tcp-epoll-1] i.r.p.client.ReactorNettyClient          : [cid: 0x1][pid: 47452] Response: DataRow{columns=[PooledSlicedByteBuf(ridx: 0, widx: 14, cap: 14/14, unwrapped: PooledUnsafeDirectByteBuf(ridx: 72, widx: 88, cap: 1024))]}
2025-12-03T21:52:16.718+01:00 DEBUG 47274 --- [stilles_auto] [tor-tcp-epoll-1] i.r.p.client.ReactorNettyClient          : [cid: 0x1][pid: 47452] Response: CommandComplete{command=SHOW, rowId=null, rows=null}
2025-12-03T21:52:16.718+01:00 DEBUG 47274 --- [stilles_auto] [tor-tcp-epoll-1] i.r.p.client.ReactorNettyClient          : [cid: 0x1][pid: 47452] Response: ReadyForQuery{transactionStatus=IDLE}
2025-12-03T21:52:16.730+01:00 DEBUG 47274 --- [stilles_auto] [tor-tcp-epoll-1] io.r2dbc.postgresql.QUERY                : [cid: 0x1][pid: 47452] Executing query: SELECT * FROM pg_catalog.pg_type WHERE typname IN ('hstore','geometry','vector')
2025-12-03T21:52:16.730+01:00 DEBUG 47274 --- [stilles_auto] [tor-tcp-epoll-1] i.r.p.client.ReactorNettyClient          : [cid: 0x1][pid: 47452] Request:  Query{query='SELECT * FROM pg_catalog.pg_type WHERE typname IN ('hstore','geometry','vector')'}
2025-12-03T21:52:16.741+01:00 DEBUG 47274 --- [stilles_auto] [tor-tcp-epoll-1] i.r.p.client.ReactorNettyClient          : [cid: 0x1][pid: 47452] Response: RowDescription{fields=[Field{column=1, dataType=26, dataTypeModifier=-1, dataTypeSize=4, format=FORMAT_TEXT, name='oid', table=1247}, Field{column=2, dataType=19, dataTypeModifier=-1, dataTypeSize=64, format=FORMAT_TEXT, name='typname', table=1247}, Field{column=3, dataType=26, dataTypeModifier=-1, dataTypeSize=4, format=FORMAT_TEXT, name='typnamespace', table=1247}, Field{column=4, dataType=26, dataTypeModifier=-1, dataTypeSize=4, format=FORMAT_TEXT, name='typowner', table=1247}, Field{column=5, dataType=21, dataTypeModifier=-1, dataTypeSize=2, format=FORMAT_TEXT, name='typlen', table=1247}, Field{column=6, dataType=16, dataTypeModifier=-1, dataTypeSize=1, format=FORMAT_TEXT, name='typbyval', table=1247}, Field{column=7, dataType=18, dataTypeModifier=-1, dataTypeSize=1, format=FORMAT_TEXT, name='typtype', table=1247}, Field{column=8, dataType=18, dataTypeModifier=-1, dataTypeSize=1, format=FORMAT_TEXT, name='typcategory', table=1247}, Field{column=9, dataType=16, dataTypeModifier=-1, dataTypeSize=1, format=FORMAT_TEXT, name='typispreferred', table=1247}, Field{column=10, dataType=16, dataTypeModifier=-1, dataTypeSize=1, format=FORMAT_TEXT, name='typisdefined', table=1247}, Field{column=11, dataType=18, dataTypeModifier=-1, dataTypeSize=1, format=FORMAT_TEXT, name='typdelim', table=1247}, Field{column=12, dataType=26, dataTypeModifier=-1, dataTypeSize=4, format=FORMAT_TEXT, name='typrelid', table=1247}, Field{column=13, dataType=24, dataTypeModifier=-1, dataTypeSize=4, format=FORMAT_TEXT, name='typsubscript', table=1247}, Field{column=14, dataType=26, dataTypeModifier=-1, dataTypeSize=4, format=FORMAT_TEXT, name='typelem', table=1247}, Field{column=15, dataType=26, dataTypeModifier=-1, dataTypeSize=4, format=FORMAT_TEXT, name='typarray', table=1247}, Field{column=16, dataType=24, dataTypeModifier=-1, dataTypeSize=4, format=FORMAT_TEXT, name='typinput', table=1247}, Field{column=17, dataType=24, dataTypeModifier=-1, dataTypeSize=4, format=FORMAT_TEXT, name='typoutput', table=1247}, Field{column=18, dataType=24, dataTypeModifier=-1, dataTypeSize=4, format=FORMAT_TEXT, name='typreceive', table=1247}, Field{column=19, dataType=24, dataTypeModifier=-1, dataTypeSize=4, format=FORMAT_TEXT, name='typsend', table=1247}, Field{column=20, dataType=24, dataTypeModifier=-1, dataTypeSize=4, format=FORMAT_TEXT, name='typmodin', table=1247}, Field{column=21, dataType=24, dataTypeModifier=-1, dataTypeSize=4, format=FORMAT_TEXT, name='typmodout', table=1247}, Field{column=22, dataType=24, dataTypeModifier=-1, dataTypeSize=4, format=FORMAT_TEXT, name='typanalyze', table=1247}, Field{column=23, dataType=18, dataTypeModifier=-1, dataTypeSize=1, format=FORMAT_TEXT, name='typalign', table=1247}, Field{column=24, dataType=18, dataTypeModifier=-1, dataTypeSize=1, format=FORMAT_TEXT, name='typstorage', table=1247}, Field{column=25, dataType=16, dataTypeModifier=-1, dataTypeSize=1, format=FORMAT_TEXT, name='typnotnull', table=1247}, Field{column=26, dataType=26, dataTypeModifier=-1, dataTypeSize=4, format=FORMAT_TEXT, name='typbasetype', table=1247}, Field{column=27, dataType=23, dataTypeModifier=-1, dataTypeSize=4, format=FORMAT_TEXT, name='typtypmod', table=1247}, Field{column=28, dataType=23, dataTypeModifier=-1, dataTypeSize=4, format=FORMAT_TEXT, name='typndims', table=1247}, Field{column=29, dataType=26, dataTypeModifier=-1, dataTypeSize=4, format=FORMAT_TEXT, name='typcollation', table=1247}, Field{column=30, dataType=194, dataTypeModifier=-1, dataTypeSize=-1, format=FORMAT_TEXT, name='typdefaultbin', table=1247}, Field{column=31, dataType=25, dataTypeModifier=-1, dataTypeSize=-1, format=FORMAT_TEXT, name='typdefault', table=1247}, Field{column=32, dataType=1034, dataTypeModifier=-1, dataTypeSize=-1, format=FORMAT_TEXT, name='typacl', table=1247}]}
2025-12-03T21:52:16.749+01:00 DEBUG 47274 --- [stilles_auto] [tor-tcp-epoll-1] i.r.p.client.ReactorNettyClient          : [cid: 0x1][pid: 47452] Response: CommandComplete{command=SELECT, rowId=null, rows=0}
2025-12-03T21:52:16.753+01:00 DEBUG 47274 --- [stilles_auto] [tor-tcp-epoll-1] i.r.p.client.ReactorNettyClient          : [cid: 0x1][pid: 47452] Response: ReadyForQuery{transactionStatus=IDLE}
2025-12-03T21:52:16.771+01:00 DEBUG 47274 --- [stilles_auto] [tor-tcp-epoll-1] io.r2dbc.postgresql.QUERY                : [cid: 0x1][pid: 47452] Executing query: SELECT 1
2025-12-03T21:52:16.772+01:00 DEBUG 47274 --- [stilles_auto] [tor-tcp-epoll-1] i.r.p.client.ReactorNettyClient          : [cid: 0x1][pid: 47452] Request:  Query{query='SELECT 1'}
2025-12-03T21:52:16.782+01:00 DEBUG 47274 --- [stilles_auto] [tor-tcp-epoll-1] i.r.p.client.ReactorNettyClient          : [cid: 0x1][pid: 47452] Response: RowDescription{fields=[Field{column=0, dataType=23, dataTypeModifier=-1, dataTypeSize=4, format=FORMAT_TEXT, name='?column?', table=0}]}
2025-12-03T21:52:16.784+01:00 DEBUG 47274 --- [stilles_auto] [tor-tcp-epoll-1] i.r.p.client.ReactorNettyClient          : [cid: 0x1][pid: 47452] Response: DataRow{columns=[PooledSlicedByteBuf(ridx: 0, widx: 1, cap: 1/1, unwrapped: PooledUnsafeDirectByteBuf(ridx: 46, widx: 66, cap: 1024))]}
2025-12-03T21:52:16.788+01:00 DEBUG 47274 --- [stilles_auto] [tor-tcp-epoll-1] i.r.p.client.ReactorNettyClient          : [cid: 0x1][pid: 47452] Response: CommandComplete{command=SELECT, rowId=null, rows=1}
2025-12-03T21:52:16.790+01:00 DEBUG 47274 --- [stilles_auto] [tor-tcp-epoll-1] i.r.p.client.ReactorNettyClient          : [cid: 0x1][pid: 47452] Response: ReadyForQuery{transactionStatus=IDLE}
2025-12-03T21:52:16.791+01:00 DEBUG 47274 --- [stilles_auto] [tor-tcp-epoll-2] i.r.p.client.ReactorNettyClient          : [cid: 0x2] Request:  StartupMessage{, database='stilles_auto', username='postgres'}
2025-12-03T21:52:16.807+01:00 DEBUG 47274 --- [stilles_auto] [tor-tcp-epoll-2] i.r.p.client.ReactorNettyClient          : [cid: 0x2] Response: AuthenticationSASL{authenticationMechanisms=[SCRAM-SHA-256]}
2025-12-03T21:52:16.809+01:00 DEBUG 47274 --- [stilles_auto] [tor-tcp-epoll-2] i.r.p.client.ReactorNettyClient          : [cid: 0x2] Request:  SASLInitialResponse{initialResponse=java.nio.HeapByteBuffer[pos=0 lim=40 cap=44], name='SCRAM-SHA-256'}
2025-12-03T21:52:16.811+01:00 DEBUG 47274 --- [stilles_auto] [tor-tcp-epoll-2] i.r.p.client.ReactorNettyClient          : [cid: 0x2] Response: AuthenticationSASLContinue{data=java.nio.HeapByteBuffer[pos=0 lim=84 cap=84]}
2025-12-03T21:52:16.862+01:00 DEBUG 47274 --- [stilles_auto] [      Thread-12] io.r2dbc.postgresql.QUERY                : [cid: 0x1][pid: 47452] Executing query: CREATE TABLE IF NOT EXISTS users ( id UUID PRIMARY KEY DEFAULT uuid_generate_v4(), email VARCHAR(255) UNIQUE NOT NULL, password VARCHAR(255) NOT NULL, first_name VARCHAR(255), last_name VARCHAR(255), phone VARCHAR(255), address VARCHAR(255), city VARCHAR(255), postal_code VARCHAR(255), country VARCHAR(255), role VARCHAR(50) NOT NULL, active BOOLEAN DEFAULT TRUE, created_at TIMESTAMP WITH TIME ZONE DEFAULT CURRENT_TIMESTAMP, updated_at TIMESTAMP WITH TIME ZONE DEFAULT CURRENT_TIMESTAMP )
2025-12-03T21:52:16.863+01:00 DEBUG 47274 --- [stilles_auto] [      Thread-12] i.r.p.client.ReactorNettyClient          : [cid: 0x1][pid: 47452] Request:  Query{query='CREATE TABLE IF NOT EXISTS users ( id UUID PRIMARY KEY DEFAULT uuid_generate_v4(), email VARCHAR(255) UNIQUE NOT NULL, password VARCHAR(255) NOT NULL, first_name VARCHAR(255), last_name VARCHAR(255), phone VARCHAR(255), address VARCHAR(255), city VARCHAR(255), postal_code VARCHAR(255), country VARCHAR(255), role VARCHAR(50) NOT NULL, active BOOLEAN DEFAULT TRUE, created_at TIMESTAMP WITH TIME ZONE DEFAULT CURRENT_TIMESTAMP, updated_at TIMESTAMP WITH TIME ZONE DEFAULT CURRENT_TIMESTAMP )'}
2025-12-03T21:52:16.877+01:00 DEBUG 47274 --- [stilles_auto] [tor-tcp-epoll-1] i.r.p.client.ReactorNettyClient          : [cid: 0x1][pid: 47452] Response: NoticeResponse{fields=[Field{type=SEVERITY_LOCALIZED, value='NOTICE'}, Field{type=SEVERITY_NON_LOCALIZED, value='NOTICE'}, Field{type=CODE, value='42P07'}, Field{type=MESSAGE, value='relation "users" already exists, skipping'}, Field{type=FILE, value='parse_utilcmd.c'}, Field{type=LINE, value='207'}, Field{type=ROUTINE, value='transformCreateStmt'}]}
2025-12-03T21:52:16.879+01:00 DEBUG 47274 --- [stilles_auto] [tor-tcp-epoll-1] i.r.p.client.ReactorNettyClient          : [cid: 0x1][pid: 47452] Notice: SEVERITY_LOCALIZED=NOTICE, SEVERITY_NON_LOCALIZED=NOTICE, CODE=42P07, MESSAGE=relation "users" already exists, skipping, FILE=parse_utilcmd.c, LINE=207, ROUTINE=transformCreateStmt
2025-12-03T21:52:16.883+01:00 DEBUG 47274 --- [stilles_auto] [tor-tcp-epoll-1] i.r.p.client.ReactorNettyClient          : [cid: 0x1][pid: 47452] Response: CommandComplete{command=CREATE TABLE, rowId=null, rows=null}
2025-12-03T21:52:16.884+01:00 DEBUG 47274 --- [stilles_auto] [tor-tcp-epoll-1] i.r.p.client.ReactorNettyClient          : [cid: 0x1][pid: 47452] Response: ReadyForQuery{transactionStatus=IDLE}
2025-12-03T21:52:16.885+01:00 DEBUG 47274 --- [stilles_auto] [tor-tcp-epoll-1] io.r2dbc.postgresql.QUERY                : [cid: 0x1][pid: 47452] Executing query: CREATE TABLE IF NOT EXISTS vehicles ( id UUID PRIMARY KEY DEFAULT uuid_generate_v4(), brand VARCHAR(255) NOT NULL, model VARCHAR(255) NOT NULL, year INT, fuel_type VARCHAR(50), color VARCHAR(50), mileage BIGINT, license_plate VARCHAR(50) UNIQUE, vin VARCHAR(100) UNIQUE, vehicle_type VARCHAR(50), status VARCHAR(50), daily_rental_price NUMERIC(10, 2), sale_price NUMERIC(10, 2), description TEXT, image_url VARCHAR(255), available BOOLEAN DEFAULT TRUE, created_at TIMESTAMP WITH TIME ZONE DEFAULT CURRENT_TIMESTAMP, updated_at TIMESTAMP WITH TIME ZONE DEFAULT CURRENT_TIMESTAMP )
2025-12-03T21:52:16.886+01:00 DEBUG 47274 --- [stilles_auto] [tor-tcp-epoll-1] i.r.p.client.ReactorNettyClient          : [cid: 0x1][pid: 47452] Request:  Query{query='CREATE TABLE IF NOT EXISTS vehicles ( id UUID PRIMARY KEY DEFAULT uuid_generate_v4(), brand VARCHAR(255) NOT NULL, model VARCHAR(255) NOT NULL, year INT, fuel_type VARCHAR(50), color VARCHAR(50), mileage BIGINT, license_plate VARCHAR(50) UNIQUE, vin VARCHAR(100) UNIQUE, vehicle_type VARCHAR(50), status VARCHAR(50), daily_rental_price NUMERIC(10, 2), sale_price NUMERIC(10, 2), description TEXT, image_url VARCHAR(255), available BOOLEAN DEFAULT TRUE, created_at TIMESTAMP WITH TIME ZONE DEFAULT CURRENT_TIMESTAMP, updated_at TIMESTAMP WITH TIME ZONE DEFAULT CURRENT_TIMESTAMP )'}
2025-12-03T21:52:16.888+01:00 DEBUG 47274 --- [stilles_auto] [tor-tcp-epoll-1] i.r.p.client.ReactorNettyClient          : [cid: 0x1][pid: 47452] Response: NoticeResponse{fields=[Field{type=SEVERITY_LOCALIZED, value='NOTICE'}, Field{type=SEVERITY_NON_LOCALIZED, value='NOTICE'}, Field{type=CODE, value='42P07'}, Field{type=MESSAGE, value='relation "vehicles" already exists, skipping'}, Field{type=FILE, value='parse_utilcmd.c'}, Field{type=LINE, value='207'}, Field{type=ROUTINE, value='transformCreateStmt'}]}
2025-12-03T21:52:16.889+01:00 DEBUG 47274 --- [stilles_auto] [tor-tcp-epoll-1] i.r.p.client.ReactorNettyClient          : [cid: 0x1][pid: 47452] Notice: SEVERITY_LOCALIZED=NOTICE, SEVERITY_NON_LOCALIZED=NOTICE, CODE=42P07, MESSAGE=relation "vehicles" already exists, skipping, FILE=parse_utilcmd.c, LINE=207, ROUTINE=transformCreateStmt
2025-12-03T21:52:16.890+01:00 DEBUG 47274 --- [stilles_auto] [tor-tcp-epoll-1] i.r.p.client.ReactorNettyClient          : [cid: 0x1][pid: 47452] Response: CommandComplete{command=CREATE TABLE, rowId=null, rows=null}
2025-12-03T21:52:16.890+01:00 DEBUG 47274 --- [stilles_auto] [tor-tcp-epoll-1] i.r.p.client.ReactorNettyClient          : [cid: 0x1][pid: 47452] Response: ReadyForQuery{transactionStatus=IDLE}
2025-12-03T21:52:16.891+01:00 DEBUG 47274 --- [stilles_auto] [tor-tcp-epoll-1] io.r2dbc.postgresql.QUERY                : [cid: 0x1][pid: 47452] Executing query: CREATE TABLE IF NOT EXISTS accessories ( id UUID PRIMARY KEY DEFAULT uuid_generate_v4(), name VARCHAR(255) NOT NULL, description TEXT, price NUMERIC(10, 2), stock INT, image_url VARCHAR(255), active BOOLEAN DEFAULT TRUE, created_at TIMESTAMP WITH TIME ZONE DEFAULT CURRENT_TIMESTAMP, updated_at TIMESTAMP WITH TIME ZONE DEFAULT CURRENT_TIMESTAMP )
2025-12-03T21:52:16.891+01:00 DEBUG 47274 --- [stilles_auto] [tor-tcp-epoll-1] i.r.p.client.ReactorNettyClient          : [cid: 0x1][pid: 47452] Request:  Query{query='CREATE TABLE IF NOT EXISTS accessories ( id UUID PRIMARY KEY DEFAULT uuid_generate_v4(), name VARCHAR(255) NOT NULL, description TEXT, price NUMERIC(10, 2), stock INT, image_url VARCHAR(255), active BOOLEAN DEFAULT TRUE, created_at TIMESTAMP WITH TIME ZONE DEFAULT CURRENT_TIMESTAMP, updated_at TIMESTAMP WITH TIME ZONE DEFAULT CURRENT_TIMESTAMP )'}
2025-12-03T21:52:16.893+01:00 DEBUG 47274 --- [stilles_auto] [tor-tcp-epoll-1] i.r.p.client.ReactorNettyClient          : [cid: 0x1][pid: 47452] Response: NoticeResponse{fields=[Field{type=SEVERITY_LOCALIZED, value='NOTICE'}, Field{type=SEVERITY_NON_LOCALIZED, value='NOTICE'}, Field{type=CODE, value='42P07'}, Field{type=MESSAGE, value='relation "accessories" already exists, skipping'}, Field{type=FILE, value='parse_utilcmd.c'}, Field{type=LINE, value='207'}, Field{type=ROUTINE, value='transformCreateStmt'}]}
2025-12-03T21:52:16.894+01:00 DEBUG 47274 --- [stilles_auto] [tor-tcp-epoll-1] i.r.p.client.ReactorNettyClient          : [cid: 0x1][pid: 47452] Notice: SEVERITY_LOCALIZED=NOTICE, SEVERITY_NON_LOCALIZED=NOTICE, CODE=42P07, MESSAGE=relation "accessories" already exists, skipping, FILE=parse_utilcmd.c, LINE=207, ROUTINE=transformCreateStmt
2025-12-03T21:52:16.894+01:00 DEBUG 47274 --- [stilles_auto] [tor-tcp-epoll-1] i.r.p.client.ReactorNettyClient          : [cid: 0x1][pid: 47452] Response: CommandComplete{command=CREATE TABLE, rowId=null, rows=null}
2025-12-03T21:52:16.894+01:00 DEBUG 47274 --- [stilles_auto] [tor-tcp-epoll-1] i.r.p.client.ReactorNettyClient          : [cid: 0x1][pid: 47452] Response: ReadyForQuery{transactionStatus=IDLE}
2025-12-03T21:52:16.896+01:00 DEBUG 47274 --- [stilles_auto] [tor-tcp-epoll-1] io.r2dbc.postgresql.QUERY                : [cid: 0x1][pid: 47452] Executing query: CREATE TABLE IF NOT EXISTS rentals ( id UUID PRIMARY KEY DEFAULT uuid_generate_v4(), vehicle_id UUID NOT NULL, client_id UUID NOT NULL, start_date TIMESTAMP WITH TIME ZONE NOT NULL, end_date TIMESTAMP WITH TIME ZONE NOT NULL, pickup_location VARCHAR(255), return_location VARCHAR(255), total_price NUMERIC(10, 2), deposit_amount NUMERIC(10, 2), status VARCHAR(50), contract_path VARCHAR(255), notes TEXT, created_at TIMESTAMP WITH TIME ZONE DEFAULT CURRENT_TIMESTAMP, updated_at TIMESTAMP WITH TIME ZONE DEFAULT CURRENT_TIMESTAMP, FOREIGN KEY (vehicle_id) REFERENCES vehicles(id) ON DELETE CASCADE, FOREIGN KEY (client_id) REFERENCES users(id) ON DELETE CASCADE )
2025-12-03T21:52:16.896+01:00 DEBUG 47274 --- [stilles_auto] [tor-tcp-epoll-1] i.r.p.client.ReactorNettyClient          : [cid: 0x1][pid: 47452] Request:  Query{query='CREATE TABLE IF NOT EXISTS rentals ( id UUID PRIMARY KEY DEFAULT uuid_generate_v4(), vehicle_id UUID NOT NULL, client_id UUID NOT NULL, start_date TIMESTAMP WITH TIME ZONE NOT NULL, end_date TIMESTAMP WITH TIME ZONE NOT NULL, pickup_location VARCHAR(255), return_location VARCHAR(255), total_price NUMERIC(10, 2), deposit_amount NUMERIC(10, 2), status VARCHAR(50), contract_path VARCHAR(255), notes TEXT, created_at TIMESTAMP WITH TIME ZONE DEFAULT CURRENT_TIMESTAMP, updated_at TIMESTAMP WITH TIME ZONE DEFAULT CURRENT_TIMESTAMP, FOREIGN KEY (vehicle_id) REFERENCES vehicles(id) ON DELETE CASCADE, FOREIGN KEY (client_id) REFERENCES users(id) ON DELETE CASCADE )'}
2025-12-03T21:52:16.898+01:00 DEBUG 47274 --- [stilles_auto] [tor-tcp-epoll-1] i.r.p.client.ReactorNettyClient          : [cid: 0x1][pid: 47452] Response: NoticeResponse{fields=[Field{type=SEVERITY_LOCALIZED, value='NOTICE'}, Field{type=SEVERITY_NON_LOCALIZED, value='NOTICE'}, Field{type=CODE, value='42P07'}, Field{type=MESSAGE, value='relation "rentals" already exists, skipping'}, Field{type=FILE, value='parse_utilcmd.c'}, Field{type=LINE, value='207'}, Field{type=ROUTINE, value='transformCreateStmt'}]}
2025-12-03T21:52:16.898+01:00 DEBUG 47274 --- [stilles_auto] [tor-tcp-epoll-1] i.r.p.client.ReactorNettyClient          : [cid: 0x1][pid: 47452] Notice: SEVERITY_LOCALIZED=NOTICE, SEVERITY_NON_LOCALIZED=NOTICE, CODE=42P07, MESSAGE=relation "rentals" already exists, skipping, FILE=parse_utilcmd.c, LINE=207, ROUTINE=transformCreateStmt
2025-12-03T21:52:16.899+01:00 DEBUG 47274 --- [stilles_auto] [tor-tcp-epoll-1] i.r.p.client.ReactorNettyClient          : [cid: 0x1][pid: 47452] Response: CommandComplete{command=CREATE TABLE, rowId=null, rows=null}
2025-12-03T21:52:16.899+01:00 DEBUG 47274 --- [stilles_auto] [tor-tcp-epoll-1] i.r.p.client.ReactorNettyClient          : [cid: 0x1][pid: 47452] Response: ReadyForQuery{transactionStatus=IDLE}
2025-12-03T21:52:16.900+01:00 DEBUG 47274 --- [stilles_auto] [tor-tcp-epoll-1] io.r2dbc.postgresql.QUERY                : [cid: 0x1][pid: 47452] Executing query: CREATE TABLE IF NOT EXISTS rental_returns ( id UUID PRIMARY KEY DEFAULT uuid_generate_v4(), rental_id UUID NOT NULL, return_date TIMESTAMP WITH TIME ZONE NOT NULL, final_mileage BIGINT, damage_description TEXT, damage_charge NUMERIC(10, 2) DEFAULT 0, refund_amount NUMERIC(10, 2) DEFAULT 0, inspection_notes TEXT, created_at TIMESTAMP WITH TIME ZONE DEFAULT CURRENT_TIMESTAMP, updated_at TIMESTAMP WITH TIME ZONE DEFAULT CURRENT_TIMESTAMP, FOREIGN KEY (rental_id) REFERENCES rentals(id) ON DELETE CASCADE )
2025-12-03T21:52:16.900+01:00 DEBUG 47274 --- [stilles_auto] [tor-tcp-epoll-1] i.r.p.client.ReactorNettyClient          : [cid: 0x1][pid: 47452] Request:  Query{query='CREATE TABLE IF NOT EXISTS rental_returns ( id UUID PRIMARY KEY DEFAULT uuid_generate_v4(), rental_id UUID NOT NULL, return_date TIMESTAMP WITH TIME ZONE NOT NULL, final_mileage BIGINT, damage_description TEXT, damage_charge NUMERIC(10, 2) DEFAULT 0, refund_amount NUMERIC(10, 2) DEFAULT 0, inspection_notes TEXT, created_at TIMESTAMP WITH TIME ZONE DEFAULT CURRENT_TIMESTAMP, updated_at TIMESTAMP WITH TIME ZONE DEFAULT CURRENT_TIMESTAMP, FOREIGN KEY (rental_id) REFERENCES rentals(id) ON DELETE CASCADE )'}
2025-12-03T21:52:16.902+01:00 DEBUG 47274 --- [stilles_auto] [tor-tcp-epoll-1] i.r.p.client.ReactorNettyClient          : [cid: 0x1][pid: 47452] Response: NoticeResponse{fields=[Field{type=SEVERITY_LOCALIZED, value='NOTICE'}, Field{type=SEVERITY_NON_LOCALIZED, value='NOTICE'}, Field{type=CODE, value='42P07'}, Field{type=MESSAGE, value='relation "rental_returns" already exists, skipping'}, Field{type=FILE, value='parse_utilcmd.c'}, Field{type=LINE, value='207'}, Field{type=ROUTINE, value='transformCreateStmt'}]}
2025-12-03T21:52:16.902+01:00 DEBUG 47274 --- [stilles_auto] [tor-tcp-epoll-1] i.r.p.client.ReactorNettyClient          : [cid: 0x1][pid: 47452] Notice: SEVERITY_LOCALIZED=NOTICE, SEVERITY_NON_LOCALIZED=NOTICE, CODE=42P07, MESSAGE=relation "rental_returns" already exists, skipping, FILE=parse_utilcmd.c, LINE=207, ROUTINE=transformCreateStmt
2025-12-03T21:52:16.902+01:00 DEBUG 47274 --- [stilles_auto] [tor-tcp-epoll-1] i.r.p.client.ReactorNettyClient          : [cid: 0x1][pid: 47452] Response: CommandComplete{command=CREATE TABLE, rowId=null, rows=null}
2025-12-03T21:52:16.903+01:00 DEBUG 47274 --- [stilles_auto] [tor-tcp-epoll-1] i.r.p.client.ReactorNettyClient          : [cid: 0x1][pid: 47452] Response: ReadyForQuery{transactionStatus=IDLE}
2025-12-03T21:52:16.904+01:00 DEBUG 47274 --- [stilles_auto] [tor-tcp-epoll-1] io.r2dbc.postgresql.QUERY                : [cid: 0x1][pid: 47452] Executing query: CREATE TABLE IF NOT EXISTS sales ( id UUID PRIMARY KEY DEFAULT uuid_generate_v4(), vehicle_id UUID NOT NULL, buyer_id UUID NOT NULL, asking_price NUMERIC(10, 2), sold_price NUMERIC(10, 2), status VARCHAR(50), buyer_notes TEXT, seller_notes TEXT, created_at TIMESTAMP WITH TIME ZONE DEFAULT CURRENT_TIMESTAMP, updated_at TIMESTAMP WITH TIME ZONE DEFAULT CURRENT_TIMESTAMP, FOREIGN KEY (vehicle_id) REFERENCES vehicles(id) ON DELETE CASCADE, FOREIGN KEY (buyer_id) REFERENCES users(id) ON DELETE CASCADE )
2025-12-03T21:52:16.904+01:00 DEBUG 47274 --- [stilles_auto] [tor-tcp-epoll-1] i.r.p.client.ReactorNettyClient          : [cid: 0x1][pid: 47452] Request:  Query{query='CREATE TABLE IF NOT EXISTS sales ( id UUID PRIMARY KEY DEFAULT uuid_generate_v4(), vehicle_id UUID NOT NULL, buyer_id UUID NOT NULL, asking_price NUMERIC(10, 2), sold_price NUMERIC(10, 2), status VARCHAR(50), buyer_notes TEXT, seller_notes TEXT, created_at TIMESTAMP WITH TIME ZONE DEFAULT CURRENT_TIMESTAMP, updated_at TIMESTAMP WITH TIME ZONE DEFAULT CURRENT_TIMESTAMP, FOREIGN KEY (vehicle_id) REFERENCES vehicles(id) ON DELETE CASCADE, FOREIGN KEY (buyer_id) REFERENCES users(id) ON DELETE CASCADE )'}
2025-12-03T21:52:16.907+01:00 DEBUG 47274 --- [stilles_auto] [tor-tcp-epoll-1] i.r.p.client.ReactorNettyClient          : [cid: 0x1][pid: 47452] Response: NoticeResponse{fields=[Field{type=SEVERITY_LOCALIZED, value='NOTICE'}, Field{type=SEVERITY_NON_LOCALIZED, value='NOTICE'}, Field{type=CODE, value='42P07'}, Field{type=MESSAGE, value='relation "sales" already exists, skipping'}, Field{type=FILE, value='parse_utilcmd.c'}, Field{type=LINE, value='207'}, Field{type=ROUTINE, value='transformCreateStmt'}]}
2025-12-03T21:52:16.908+01:00 DEBUG 47274 --- [stilles_auto] [tor-tcp-epoll-1] i.r.p.client.ReactorNettyClient          : [cid: 0x1][pid: 47452] Notice: SEVERITY_LOCALIZED=NOTICE, SEVERITY_NON_LOCALIZED=NOTICE, CODE=42P07, MESSAGE=relation "sales" already exists, skipping, FILE=parse_utilcmd.c, LINE=207, ROUTINE=transformCreateStmt
2025-12-03T21:52:16.909+01:00 DEBUG 47274 --- [stilles_auto] [tor-tcp-epoll-1] i.r.p.client.ReactorNettyClient          : [cid: 0x1][pid: 47452] Response: CommandComplete{command=CREATE TABLE, rowId=null, rows=null}
2025-12-03T21:52:16.909+01:00 DEBUG 47274 --- [stilles_auto] [tor-tcp-epoll-1] i.r.p.client.ReactorNettyClient          : [cid: 0x1][pid: 47452] Response: ReadyForQuery{transactionStatus=IDLE}
2025-12-03T21:52:16.910+01:00 DEBUG 47274 --- [stilles_auto] [tor-tcp-epoll-1] io.r2dbc.postgresql.QUERY                : [cid: 0x1][pid: 47452] Executing query: CREATE TABLE IF NOT EXISTS accessory_orders ( id UUID PRIMARY KEY DEFAULT uuid_generate_v4(), accessory_id UUID NOT NULL, client_id UUID NOT NULL, quantity INT NOT NULL, total_price NUMERIC(10, 2) NOT NULL, status VARCHAR(50), notes TEXT, created_at TIMESTAMP WITH TIME ZONE DEFAULT CURRENT_TIMESTAMP, updated_at TIMESTAMP WITH TIME ZONE DEFAULT CURRENT_TIMESTAMP, FOREIGN KEY (accessory_id) REFERENCES accessories(id) ON DELETE CASCADE, FOREIGN KEY (client_id) REFERENCES users(id) ON DELETE CASCADE )
2025-12-03T21:52:16.910+01:00 DEBUG 47274 --- [stilles_auto] [tor-tcp-epoll-1] i.r.p.client.ReactorNettyClient          : [cid: 0x1][pid: 47452] Request:  Query{query='CREATE TABLE IF NOT EXISTS accessory_orders ( id UUID PRIMARY KEY DEFAULT uuid_generate_v4(), accessory_id UUID NOT NULL, client_id UUID NOT NULL, quantity INT NOT NULL, total_price NUMERIC(10, 2) NOT NULL, status VARCHAR(50), notes TEXT, created_at TIMESTAMP WITH TIME ZONE DEFAULT CURRENT_TIMESTAMP, updated_at TIMESTAMP WITH TIME ZONE DEFAULT CURRENT_TIMESTAMP, FOREIGN KEY (accessory_id) REFERENCES accessories(id) ON DELETE CASCADE, FOREIGN KEY (client_id) REFERENCES users(id) ON DELETE CASCADE )'}
2025-12-03T21:52:16.912+01:00 DEBUG 47274 --- [stilles_auto] [tor-tcp-epoll-1] i.r.p.client.ReactorNettyClient          : [cid: 0x1][pid: 47452] Response: NoticeResponse{fields=[Field{type=SEVERITY_LOCALIZED, value='NOTICE'}, Field{type=SEVERITY_NON_LOCALIZED, value='NOTICE'}, Field{type=CODE, value='42P07'}, Field{type=MESSAGE, value='relation "accessory_orders" already exists, skipping'}, Field{type=FILE, value='parse_utilcmd.c'}, Field{type=LINE, value='207'}, Field{type=ROUTINE, value='transformCreateStmt'}]}
2025-12-03T21:52:16.912+01:00 DEBUG 47274 --- [stilles_auto] [tor-tcp-epoll-1] i.r.p.client.ReactorNettyClient          : [cid: 0x1][pid: 47452] Notice: SEVERITY_LOCALIZED=NOTICE, SEVERITY_NON_LOCALIZED=NOTICE, CODE=42P07, MESSAGE=relation "accessory_orders" already exists, skipping, FILE=parse_utilcmd.c, LINE=207, ROUTINE=transformCreateStmt
2025-12-03T21:52:16.913+01:00 DEBUG 47274 --- [stilles_auto] [tor-tcp-epoll-1] i.r.p.client.ReactorNettyClient          : [cid: 0x1][pid: 47452] Response: CommandComplete{command=CREATE TABLE, rowId=null, rows=null}
2025-12-03T21:52:16.913+01:00 DEBUG 47274 --- [stilles_auto] [tor-tcp-epoll-1] i.r.p.client.ReactorNettyClient          : [cid: 0x1][pid: 47452] Response: ReadyForQuery{transactionStatus=IDLE}
2025-12-03T21:52:16.916+01:00 DEBUG 47274 --- [stilles_auto] [tor-tcp-epoll-1] io.r2dbc.postgresql.QUERY                : [cid: 0x1][pid: 47452] Executing query: CREATE TABLE IF NOT EXISTS import_export_requests ( id UUID PRIMARY KEY DEFAULT uuid_generate_v4(), vehicle_brand VARCHAR(255) NOT NULL, vehicle_model VARCHAR(255) NOT NULL, vehicle_year INT, origin_country VARCHAR(100), destination_country VARCHAR(100), request_type VARCHAR(50) NOT NULL, estimated_cost NUMERIC(10, 2), status VARCHAR(50), notes TEXT, document_path VARCHAR(255), created_at TIMESTAMP WITH TIME ZONE DEFAULT CURRENT_TIMESTAMP, updated_at TIMESTAMP WITH TIME ZONE DEFAULT CURRENT_TIMESTAMP )
2025-12-03T21:52:16.917+01:00 DEBUG 47274 --- [stilles_auto] [tor-tcp-epoll-1] i.r.p.client.ReactorNettyClient          : [cid: 0x1][pid: 47452] Request:  Query{query='CREATE TABLE IF NOT EXISTS import_export_requests ( id UUID PRIMARY KEY DEFAULT uuid_generate_v4(), vehicle_brand VARCHAR(255) NOT NULL, vehicle_model VARCHAR(255) NOT NULL, vehicle_year INT, origin_country VARCHAR(100), destination_country VARCHAR(100), request_type VARCHAR(50) NOT NULL, estimated_cost NUMERIC(10, 2), status VARCHAR(50), notes TEXT, document_path VARCHAR(255), created_at TIMESTAMP WITH TIME ZONE DEFAULT CURRENT_TIMESTAMP, updated_at TIMESTAMP WITH TIME ZONE DEFAULT CURRENT_TIMESTAMP )'}
2025-12-03T21:52:16.921+01:00 DEBUG 47274 --- [stilles_auto] [tor-tcp-epoll-1] i.r.p.client.ReactorNettyClient          : [cid: 0x1][pid: 47452] Response: NoticeResponse{fields=[Field{type=SEVERITY_LOCALIZED, value='NOTICE'}, Field{type=SEVERITY_NON_LOCALIZED, value='NOTICE'}, Field{type=CODE, value='42P07'}, Field{type=MESSAGE, value='relation "import_export_requests" already exists, skipping'}, Field{type=FILE, value='parse_utilcmd.c'}, Field{type=LINE, value='207'}, Field{type=ROUTINE, value='transformCreateStmt'}]}
2025-12-03T21:52:16.921+01:00 DEBUG 47274 --- [stilles_auto] [tor-tcp-epoll-1] i.r.p.client.ReactorNettyClient          : [cid: 0x1][pid: 47452] Notice: SEVERITY_LOCALIZED=NOTICE, SEVERITY_NON_LOCALIZED=NOTICE, CODE=42P07, MESSAGE=relation "import_export_requests" already exists, skipping, FILE=parse_utilcmd.c, LINE=207, ROUTINE=transformCreateStmt
2025-12-03T21:52:16.922+01:00 DEBUG 47274 --- [stilles_auto] [tor-tcp-epoll-1] i.r.p.client.ReactorNettyClient          : [cid: 0x1][pid: 47452] Response: CommandComplete{command=CREATE TABLE, rowId=null, rows=null}
2025-12-03T21:52:16.922+01:00 DEBUG 47274 --- [stilles_auto] [tor-tcp-epoll-1] i.r.p.client.ReactorNettyClient          : [cid: 0x1][pid: 47452] Response: ReadyForQuery{transactionStatus=IDLE}
2025-12-03T21:52:16.923+01:00 DEBUG 47274 --- [stilles_auto] [tor-tcp-epoll-2] i.r.p.client.ReactorNettyClient          : [cid: 0x2] Request:  SASLResponse{data=java.nio.HeapByteBuffer[pos=0 lim=104 cap=114]}
2025-12-03T21:52:16.926+01:00 DEBUG 47274 --- [stilles_auto] [tor-tcp-epoll-2] i.r.p.client.ReactorNettyClient          : [cid: 0x2] Response: AuthenticationSASLFinal{additionalData=java.nio.HeapByteBuffer[pos=0 lim=46 cap=46]}
2025-12-03T21:52:16.931+01:00 DEBUG 47274 --- [stilles_auto] [tor-tcp-epoll-2] i.r.p.client.ReactorNettyClient          : [cid: 0x2] Response: AuthenticationOk{}
2025-12-03T21:52:16.931+01:00 DEBUG 47274 --- [stilles_auto] [tor-tcp-epoll-2] i.r.p.client.ReactorNettyClient          : [cid: 0x2] Response: ParameterStatus{name='in_hot_standby', value='off'}
2025-12-03T21:52:16.933+01:00 DEBUG 47274 --- [stilles_auto] [tor-tcp-epoll-2] i.r.p.client.ReactorNettyClient          : [cid: 0x2] Response: ParameterStatus{name='integer_datetimes', value='on'}
2025-12-03T21:52:16.936+01:00 DEBUG 47274 --- [stilles_auto] [tor-tcp-epoll-2] i.r.p.client.ReactorNettyClient          : [cid: 0x2] Response: ParameterStatus{name='TimeZone', value='Africa/Douala'}
2025-12-03T21:52:16.937+01:00 DEBUG 47274 --- [stilles_auto] [tor-tcp-epoll-2] i.r.p.client.ReactorNettyClient          : [cid: 0x2] Response: ParameterStatus{name='IntervalStyle', value='postgres'}
2025-12-03T21:52:16.937+01:00 DEBUG 47274 --- [stilles_auto] [tor-tcp-epoll-2] i.r.p.client.ReactorNettyClient          : [cid: 0x2] Response: ParameterStatus{name='is_superuser', value='on'}
2025-12-03T21:52:16.937+01:00 DEBUG 47274 --- [stilles_auto] [tor-tcp-epoll-2] i.r.p.client.ReactorNettyClient          : [cid: 0x2] Response: ParameterStatus{name='application_name', value='r2dbc-postgresql'}
2025-12-03T21:52:16.939+01:00 DEBUG 47274 --- [stilles_auto] [tor-tcp-epoll-2] i.r.p.client.ReactorNettyClient          : [cid: 0x2] Response: ParameterStatus{name='default_transaction_read_only', value='off'}
2025-12-03T21:52:16.939+01:00 DEBUG 47274 --- [stilles_auto] [tor-tcp-epoll-2] i.r.p.client.ReactorNettyClient          : [cid: 0x2] Response: ParameterStatus{name='scram_iterations', value='4096'}
2025-12-03T21:52:16.939+01:00 DEBUG 47274 --- [stilles_auto] [tor-tcp-epoll-2] i.r.p.client.ReactorNettyClient          : [cid: 0x2] Response: ParameterStatus{name='DateStyle', value='ISO, MDY'}
2025-12-03T21:52:16.940+01:00 DEBUG 47274 --- [stilles_auto] [tor-tcp-epoll-2] i.r.p.client.ReactorNettyClient          : [cid: 0x2] Response: ParameterStatus{name='standard_conforming_strings', value='on'}
2025-12-03T21:52:16.940+01:00 DEBUG 47274 --- [stilles_auto] [tor-tcp-epoll-2] i.r.p.client.ReactorNettyClient          : [cid: 0x2] Response: ParameterStatus{name='session_authorization', value='postgres'}
2025-12-03T21:52:16.940+01:00 DEBUG 47274 --- [stilles_auto] [tor-tcp-epoll-2] i.r.p.client.ReactorNettyClient          : [cid: 0x2] Response: ParameterStatus{name='client_encoding', value='UTF8'}
2025-12-03T21:52:16.941+01:00 DEBUG 47274 --- [stilles_auto] [tor-tcp-epoll-2] i.r.p.client.ReactorNettyClient          : [cid: 0x2] Response: ParameterStatus{name='server_version', value='16.10 (Ubuntu 16.10-0ubuntu0.24.04.1)'}
2025-12-03T21:52:16.941+01:00 DEBUG 47274 --- [stilles_auto] [tor-tcp-epoll-2] i.r.p.client.ReactorNettyClient          : [cid: 0x2] Response: ParameterStatus{name='server_encoding', value='UTF8'}
2025-12-03T21:52:16.945+01:00 DEBUG 47274 --- [stilles_auto] [tor-tcp-epoll-2] i.r.p.client.ReactorNettyClient          : [cid: 0x2] Response: BackendKeyData{processId=47454, secretKey=1471231538}
2025-12-03T21:52:16.945+01:00 DEBUG 47274 --- [stilles_auto] [tor-tcp-epoll-2] i.r.p.client.ReactorNettyClient          : [cid: 0x2][pid: 47454] Response: ReadyForQuery{transactionStatus=IDLE}
2025-12-03T21:52:16.956+01:00 DEBUG 47274 --- [stilles_auto] [tor-tcp-epoll-2] io.r2dbc.postgresql.QUERY                : [cid: 0x2][pid: 47454] Executing query: SHOW TRANSACTION ISOLATION LEVEL
2025-12-03T21:52:16.956+01:00 DEBUG 47274 --- [stilles_auto] [tor-tcp-epoll-2] i.r.p.client.ReactorNettyClient          : [cid: 0x2][pid: 47454] Request:  Query{query='SHOW TRANSACTION ISOLATION LEVEL'}
2025-12-03T21:52:16.958+01:00 DEBUG 47274 --- [stilles_auto] [tor-tcp-epoll-2] i.r.p.client.ReactorNettyClient          : [cid: 0x2][pid: 47454] Response: RowDescription{fields=[Field{column=0, dataType=25, dataTypeModifier=-1, dataTypeSize=-1, format=FORMAT_TEXT, name='transaction_isolation', table=0}]}
2025-12-03T21:52:16.959+01:00 DEBUG 47274 --- [stilles_auto] [tor-tcp-epoll-2] i.r.p.client.ReactorNettyClient          : [cid: 0x2][pid: 47454] Response: DataRow{columns=[PooledSlicedByteBuf(ridx: 0, widx: 14, cap: 14/14, unwrapped: PooledUnsafeDirectByteBuf(ridx: 72, widx: 88, cap: 1024))]}
2025-12-03T21:52:16.960+01:00 DEBUG 47274 --- [stilles_auto] [tor-tcp-epoll-2] i.r.p.client.ReactorNettyClient          : [cid: 0x2][pid: 47454] Response: CommandComplete{command=SHOW, rowId=null, rows=null}
2025-12-03T21:52:16.960+01:00 DEBUG 47274 --- [stilles_auto] [tor-tcp-epoll-2] i.r.p.client.ReactorNettyClient          : [cid: 0x2][pid: 47454] Response: ReadyForQuery{transactionStatus=IDLE}
2025-12-03T21:52:16.961+01:00 DEBUG 47274 --- [stilles_auto] [tor-tcp-epoll-2] io.r2dbc.postgresql.QUERY                : [cid: 0x2][pid: 47454] Executing query: SELECT * FROM pg_catalog.pg_type WHERE typname IN ('hstore','geometry','vector')
2025-12-03T21:52:16.961+01:00 DEBUG 47274 --- [stilles_auto] [tor-tcp-epoll-2] i.r.p.client.ReactorNettyClient          : [cid: 0x2][pid: 47454] Request:  Query{query='SELECT * FROM pg_catalog.pg_type WHERE typname IN ('hstore','geometry','vector')'}
2025-12-03T21:52:16.967+01:00 DEBUG 47274 --- [stilles_auto] [tor-tcp-epoll-2] i.r.p.client.ReactorNettyClient          : [cid: 0x2][pid: 47454] Response: RowDescription{fields=[Field{column=1, dataType=26, dataTypeModifier=-1, dataTypeSize=4, format=FORMAT_TEXT, name='oid', table=1247}, Field{column=2, dataType=19, dataTypeModifier=-1, dataTypeSize=64, format=FORMAT_TEXT, name='typname', table=1247}, Field{column=3, dataType=26, dataTypeModifier=-1, dataTypeSize=4, format=FORMAT_TEXT, name='typnamespace', table=1247}, Field{column=4, dataType=26, dataTypeModifier=-1, dataTypeSize=4, format=FORMAT_TEXT, name='typowner', table=1247}, Field{column=5, dataType=21, dataTypeModifier=-1, dataTypeSize=2, format=FORMAT_TEXT, name='typlen', table=1247}, Field{column=6, dataType=16, dataTypeModifier=-1, dataTypeSize=1, format=FORMAT_TEXT, name='typbyval', table=1247}, Field{column=7, dataType=18, dataTypeModifier=-1, dataTypeSize=1, format=FORMAT_TEXT, name='typtype', table=1247}, Field{column=8, dataType=18, dataTypeModifier=-1, dataTypeSize=1, format=FORMAT_TEXT, name='typcategory', table=1247}, Field{column=9, dataType=16, dataTypeModifier=-1, dataTypeSize=1, format=FORMAT_TEXT, name='typispreferred', table=1247}, Field{column=10, dataType=16, dataTypeModifier=-1, dataTypeSize=1, format=FORMAT_TEXT, name='typisdefined', table=1247}, Field{column=11, dataType=18, dataTypeModifier=-1, dataTypeSize=1, format=FORMAT_TEXT, name='typdelim', table=1247}, Field{column=12, dataType=26, dataTypeModifier=-1, dataTypeSize=4, format=FORMAT_TEXT, name='typrelid', table=1247}, Field{column=13, dataType=24, dataTypeModifier=-1, dataTypeSize=4, format=FORMAT_TEXT, name='typsubscript', table=1247}, Field{column=14, dataType=26, dataTypeModifier=-1, dataTypeSize=4, format=FORMAT_TEXT, name='typelem', table=1247}, Field{column=15, dataType=26, dataTypeModifier=-1, dataTypeSize=4, format=FORMAT_TEXT, name='typarray', table=1247}, Field{column=16, dataType=24, dataTypeModifier=-1, dataTypeSize=4, format=FORMAT_TEXT, name='typinput', table=1247}, Field{column=17, dataType=24, dataTypeModifier=-1, dataTypeSize=4, format=FORMAT_TEXT, name='typoutput', table=1247}, Field{column=18, dataType=24, dataTypeModifier=-1, dataTypeSize=4, format=FORMAT_TEXT, name='typreceive', table=1247}, Field{column=19, dataType=24, dataTypeModifier=-1, dataTypeSize=4, format=FORMAT_TEXT, name='typsend', table=1247}, Field{column=20, dataType=24, dataTypeModifier=-1, dataTypeSize=4, format=FORMAT_TEXT, name='typmodin', table=1247}, Field{column=21, dataType=24, dataTypeModifier=-1, dataTypeSize=4, format=FORMAT_TEXT, name='typmodout', table=1247}, Field{column=22, dataType=24, dataTypeModifier=-1, dataTypeSize=4, format=FORMAT_TEXT, name='typanalyze', table=1247}, Field{column=23, dataType=18, dataTypeModifier=-1, dataTypeSize=1, format=FORMAT_TEXT, name='typalign', table=1247}, Field{column=24, dataType=18, dataTypeModifier=-1, dataTypeSize=1, format=FORMAT_TEXT, name='typstorage', table=1247}, Field{column=25, dataType=16, dataTypeModifier=-1, dataTypeSize=1, format=FORMAT_TEXT, name='typnotnull', table=1247}, Field{column=26, dataType=26, dataTypeModifier=-1, dataTypeSize=4, format=FORMAT_TEXT, name='typbasetype', table=1247}, Field{column=27, dataType=23, dataTypeModifier=-1, dataTypeSize=4, format=FORMAT_TEXT, name='typtypmod', table=1247}, Field{column=28, dataType=23, dataTypeModifier=-1, dataTypeSize=4, format=FORMAT_TEXT, name='typndims', table=1247}, Field{column=29, dataType=26, dataTypeModifier=-1, dataTypeSize=4, format=FORMAT_TEXT, name='typcollation', table=1247}, Field{column=30, dataType=194, dataTypeModifier=-1, dataTypeSize=-1, format=FORMAT_TEXT, name='typdefaultbin', table=1247}, Field{column=31, dataType=25, dataTypeModifier=-1, dataTypeSize=-1, format=FORMAT_TEXT, name='typdefault', table=1247}, Field{column=32, dataType=1034, dataTypeModifier=-1, dataTypeSize=-1, format=FORMAT_TEXT, name='typacl', table=1247}]}
2025-12-03T21:52:16.968+01:00 DEBUG 47274 --- [stilles_auto] [tor-tcp-epoll-2] i.r.p.client.ReactorNettyClient          : [cid: 0x2][pid: 47454] Response: CommandComplete{command=SELECT, rowId=null, rows=0}
2025-12-03T21:52:16.969+01:00 DEBUG 47274 --- [stilles_auto] [tor-tcp-epoll-2] i.r.p.client.ReactorNettyClient          : [cid: 0x2][pid: 47454] Response: ReadyForQuery{transactionStatus=IDLE}
2025-12-03T21:52:16.972+01:00 DEBUG 47274 --- [stilles_auto] [tor-tcp-epoll-3] i.r.p.client.ReactorNettyClient          : [cid: 0x3] Request:  StartupMessage{, database='stilles_auto', username='postgres'}
2025-12-03T21:52:16.987+01:00 DEBUG 47274 --- [stilles_auto] [tor-tcp-epoll-3] i.r.p.client.ReactorNettyClient          : [cid: 0x3] Response: AuthenticationSASL{authenticationMechanisms=[SCRAM-SHA-256]}
2025-12-03T21:52:16.988+01:00 DEBUG 47274 --- [stilles_auto] [tor-tcp-epoll-3] i.r.p.client.ReactorNettyClient          : [cid: 0x3] Request:  SASLInitialResponse{initialResponse=java.nio.HeapByteBuffer[pos=0 lim=40 cap=44], name='SCRAM-SHA-256'}
2025-12-03T21:52:16.989+01:00 DEBUG 47274 --- [stilles_auto] [tor-tcp-epoll-3] i.r.p.client.ReactorNettyClient          : [cid: 0x3] Response: AuthenticationSASLContinue{data=java.nio.HeapByteBuffer[pos=0 lim=84 cap=84]}
2025-12-03T21:52:17.059+01:00 DEBUG 47274 --- [stilles_auto] [tor-tcp-epoll-3] i.r.p.client.ReactorNettyClient          : [cid: 0x3] Request:  SASLResponse{data=java.nio.HeapByteBuffer[pos=0 lim=104 cap=114]}
2025-12-03T21:52:17.062+01:00 DEBUG 47274 --- [stilles_auto] [tor-tcp-epoll-3] i.r.p.client.ReactorNettyClient          : [cid: 0x3] Response: AuthenticationSASLFinal{additionalData=java.nio.HeapByteBuffer[pos=0 lim=46 cap=46]}
2025-12-03T21:52:17.063+01:00 DEBUG 47274 --- [stilles_auto] [tor-tcp-epoll-3] i.r.p.client.ReactorNettyClient          : [cid: 0x3] Response: AuthenticationOk{}
2025-12-03T21:52:17.064+01:00 DEBUG 47274 --- [stilles_auto] [tor-tcp-epoll-3] i.r.p.client.ReactorNettyClient          : [cid: 0x3] Response: ParameterStatus{name='in_hot_standby', value='off'}
2025-12-03T21:52:17.064+01:00 DEBUG 47274 --- [stilles_auto] [tor-tcp-epoll-3] i.r.p.client.ReactorNettyClient          : [cid: 0x3] Response: ParameterStatus{name='integer_datetimes', value='on'}
2025-12-03T21:52:17.065+01:00 DEBUG 47274 --- [stilles_auto] [tor-tcp-epoll-3] i.r.p.client.ReactorNettyClient          : [cid: 0x3] Response: ParameterStatus{name='TimeZone', value='Africa/Douala'}
2025-12-03T21:52:17.065+01:00 DEBUG 47274 --- [stilles_auto] [tor-tcp-epoll-3] i.r.p.client.ReactorNettyClient          : [cid: 0x3] Response: ParameterStatus{name='IntervalStyle', value='postgres'}
2025-12-03T21:52:17.065+01:00 DEBUG 47274 --- [stilles_auto] [tor-tcp-epoll-3] i.r.p.client.ReactorNettyClient          : [cid: 0x3] Response: ParameterStatus{name='is_superuser', value='on'}
2025-12-03T21:52:17.066+01:00 DEBUG 47274 --- [stilles_auto] [tor-tcp-epoll-3] i.r.p.client.ReactorNettyClient          : [cid: 0x3] Response: ParameterStatus{name='application_name', value='r2dbc-postgresql'}
2025-12-03T21:52:17.066+01:00 DEBUG 47274 --- [stilles_auto] [tor-tcp-epoll-3] i.r.p.client.ReactorNettyClient          : [cid: 0x3] Response: ParameterStatus{name='default_transaction_read_only', value='off'}
2025-12-03T21:52:17.067+01:00 DEBUG 47274 --- [stilles_auto] [tor-tcp-epoll-3] i.r.p.client.ReactorNettyClient          : [cid: 0x3] Response: ParameterStatus{name='scram_iterations', value='4096'}
2025-12-03T21:52:17.067+01:00 DEBUG 47274 --- [stilles_auto] [tor-tcp-epoll-3] i.r.p.client.ReactorNettyClient          : [cid: 0x3] Response: ParameterStatus{name='DateStyle', value='ISO, MDY'}
2025-12-03T21:52:17.067+01:00 DEBUG 47274 --- [stilles_auto] [tor-tcp-epoll-3] i.r.p.client.ReactorNettyClient          : [cid: 0x3] Response: ParameterStatus{name='standard_conforming_strings', value='on'}
2025-12-03T21:52:17.068+01:00 DEBUG 47274 --- [stilles_auto] [tor-tcp-epoll-3] i.r.p.client.ReactorNettyClient          : [cid: 0x3] Response: ParameterStatus{name='session_authorization', value='postgres'}
2025-12-03T21:52:17.068+01:00 DEBUG 47274 --- [stilles_auto] [tor-tcp-epoll-3] i.r.p.client.ReactorNettyClient          : [cid: 0x3] Response: ParameterStatus{name='client_encoding', value='UTF8'}
2025-12-03T21:52:17.068+01:00 DEBUG 47274 --- [stilles_auto] [tor-tcp-epoll-3] i.r.p.client.ReactorNettyClient          : [cid: 0x3] Response: ParameterStatus{name='server_version', value='16.10 (Ubuntu 16.10-0ubuntu0.24.04.1)'}
2025-12-03T21:52:17.069+01:00 DEBUG 47274 --- [stilles_auto] [tor-tcp-epoll-3] i.r.p.client.ReactorNettyClient          : [cid: 0x3] Response: ParameterStatus{name='server_encoding', value='UTF8'}
2025-12-03T21:52:17.069+01:00 DEBUG 47274 --- [stilles_auto] [tor-tcp-epoll-3] i.r.p.client.ReactorNettyClient          : [cid: 0x3] Response: BackendKeyData{processId=47457, secretKey=1656666731}
2025-12-03T21:52:17.070+01:00 DEBUG 47274 --- [stilles_auto] [tor-tcp-epoll-3] i.r.p.client.ReactorNettyClient          : [cid: 0x3][pid: 47457] Response: ReadyForQuery{transactionStatus=IDLE}
2025-12-03T21:52:17.079+01:00 DEBUG 47274 --- [stilles_auto] [tor-tcp-epoll-3] io.r2dbc.postgresql.QUERY                : [cid: 0x3][pid: 47457] Executing query: SHOW TRANSACTION ISOLATION LEVEL
2025-12-03T21:52:17.080+01:00 DEBUG 47274 --- [stilles_auto] [tor-tcp-epoll-3] i.r.p.client.ReactorNettyClient          : [cid: 0x3][pid: 47457] Request:  Query{query='SHOW TRANSACTION ISOLATION LEVEL'}
2025-12-03T21:52:17.081+01:00 DEBUG 47274 --- [stilles_auto] [tor-tcp-epoll-3] i.r.p.client.ReactorNettyClient          : [cid: 0x3][pid: 47457] Response: RowDescription{fields=[Field{column=0, dataType=25, dataTypeModifier=-1, dataTypeSize=-1, format=FORMAT_TEXT, name='transaction_isolation', table=0}]}
2025-12-03T21:52:17.082+01:00 DEBUG 47274 --- [stilles_auto] [tor-tcp-epoll-3] i.r.p.client.ReactorNettyClient          : [cid: 0x3][pid: 47457] Response: DataRow{columns=[PooledSlicedByteBuf(ridx: 0, widx: 14, cap: 14/14, unwrapped: PooledUnsafeDirectByteBuf(ridx: 72, widx: 88, cap: 1024))]}
2025-12-03T21:52:17.083+01:00 DEBUG 47274 --- [stilles_auto] [tor-tcp-epoll-3] i.r.p.client.ReactorNettyClient          : [cid: 0x3][pid: 47457] Response: CommandComplete{command=SHOW, rowId=null, rows=null}
2025-12-03T21:52:17.083+01:00 DEBUG 47274 --- [stilles_auto] [tor-tcp-epoll-3] i.r.p.client.ReactorNettyClient          : [cid: 0x3][pid: 47457] Response: ReadyForQuery{transactionStatus=IDLE}
2025-12-03T21:52:17.084+01:00 DEBUG 47274 --- [stilles_auto] [tor-tcp-epoll-3] io.r2dbc.postgresql.QUERY                : [cid: 0x3][pid: 47457] Executing query: SELECT * FROM pg_catalog.pg_type WHERE typname IN ('hstore','geometry','vector')
2025-12-03T21:52:17.084+01:00 DEBUG 47274 --- [stilles_auto] [tor-tcp-epoll-3] i.r.p.client.ReactorNettyClient          : [cid: 0x3][pid: 47457] Request:  Query{query='SELECT * FROM pg_catalog.pg_type WHERE typname IN ('hstore','geometry','vector')'}
2025-12-03T21:52:17.088+01:00 DEBUG 47274 --- [stilles_auto] [tor-tcp-epoll-3] i.r.p.client.ReactorNettyClient          : [cid: 0x3][pid: 47457] Response: RowDescription{fields=[Field{column=1, dataType=26, dataTypeModifier=-1, dataTypeSize=4, format=FORMAT_TEXT, name='oid', table=1247}, Field{column=2, dataType=19, dataTypeModifier=-1, dataTypeSize=64, format=FORMAT_TEXT, name='typname', table=1247}, Field{column=3, dataType=26, dataTypeModifier=-1, dataTypeSize=4, format=FORMAT_TEXT, name='typnamespace', table=1247}, Field{column=4, dataType=26, dataTypeModifier=-1, dataTypeSize=4, format=FORMAT_TEXT, name='typowner', table=1247}, Field{column=5, dataType=21, dataTypeModifier=-1, dataTypeSize=2, format=FORMAT_TEXT, name='typlen', table=1247}, Field{column=6, dataType=16, dataTypeModifier=-1, dataTypeSize=1, format=FORMAT_TEXT, name='typbyval', table=1247}, Field{column=7, dataType=18, dataTypeModifier=-1, dataTypeSize=1, format=FORMAT_TEXT, name='typtype', table=1247}, Field{column=8, dataType=18, dataTypeModifier=-1, dataTypeSize=1, format=FORMAT_TEXT, name='typcategory', table=1247}, Field{column=9, dataType=16, dataTypeModifier=-1, dataTypeSize=1, format=FORMAT_TEXT, name='typispreferred', table=1247}, Field{column=10, dataType=16, dataTypeModifier=-1, dataTypeSize=1, format=FORMAT_TEXT, name='typisdefined', table=1247}, Field{column=11, dataType=18, dataTypeModifier=-1, dataTypeSize=1, format=FORMAT_TEXT, name='typdelim', table=1247}, Field{column=12, dataType=26, dataTypeModifier=-1, dataTypeSize=4, format=FORMAT_TEXT, name='typrelid', table=1247}, Field{column=13, dataType=24, dataTypeModifier=-1, dataTypeSize=4, format=FORMAT_TEXT, name='typsubscript', table=1247}, Field{column=14, dataType=26, dataTypeModifier=-1, dataTypeSize=4, format=FORMAT_TEXT, name='typelem', table=1247}, Field{column=15, dataType=26, dataTypeModifier=-1, dataTypeSize=4, format=FORMAT_TEXT, name='typarray', table=1247}, Field{column=16, dataType=24, dataTypeModifier=-1, dataTypeSize=4, format=FORMAT_TEXT, name='typinput', table=1247}, Field{column=17, dataType=24, dataTypeModifier=-1, dataTypeSize=4, format=FORMAT_TEXT, name='typoutput', table=1247}, Field{column=18, dataType=24, dataTypeModifier=-1, dataTypeSize=4, format=FORMAT_TEXT, name='typreceive', table=1247}, Field{column=19, dataType=24, dataTypeModifier=-1, dataTypeSize=4, format=FORMAT_TEXT, name='typsend', table=1247}, Field{column=20, dataType=24, dataTypeModifier=-1, dataTypeSize=4, format=FORMAT_TEXT, name='typmodin', table=1247}, Field{column=21, dataType=24, dataTypeModifier=-1, dataTypeSize=4, format=FORMAT_TEXT, name='typmodout', table=1247}, Field{column=22, dataType=24, dataTypeModifier=-1, dataTypeSize=4, format=FORMAT_TEXT, name='typanalyze', table=1247}, Field{column=23, dataType=18, dataTypeModifier=-1, dataTypeSize=1, format=FORMAT_TEXT, name='typalign', table=1247}, Field{column=24, dataType=18, dataTypeModifier=-1, dataTypeSize=1, format=FORMAT_TEXT, name='typstorage', table=1247}, Field{column=25, dataType=16, dataTypeModifier=-1, dataTypeSize=1, format=FORMAT_TEXT, name='typnotnull', table=1247}, Field{column=26, dataType=26, dataTypeModifier=-1, dataTypeSize=4, format=FORMAT_TEXT, name='typbasetype', table=1247}, Field{column=27, dataType=23, dataTypeModifier=-1, dataTypeSize=4, format=FORMAT_TEXT, name='typtypmod', table=1247}, Field{column=28, dataType=23, dataTypeModifier=-1, dataTypeSize=4, format=FORMAT_TEXT, name='typndims', table=1247}, Field{column=29, dataType=26, dataTypeModifier=-1, dataTypeSize=4, format=FORMAT_TEXT, name='typcollation', table=1247}, Field{column=30, dataType=194, dataTypeModifier=-1, dataTypeSize=-1, format=FORMAT_TEXT, name='typdefaultbin', table=1247}, Field{column=31, dataType=25, dataTypeModifier=-1, dataTypeSize=-1, format=FORMAT_TEXT, name='typdefault', table=1247}, Field{column=32, dataType=1034, dataTypeModifier=-1, dataTypeSize=-1, format=FORMAT_TEXT, name='typacl', table=1247}]}
2025-12-03T21:52:17.090+01:00 DEBUG 47274 --- [stilles_auto] [tor-tcp-epoll-3] i.r.p.client.ReactorNettyClient          : [cid: 0x3][pid: 47457] Response: CommandComplete{command=SELECT, rowId=null, rows=0}
2025-12-03T21:52:17.090+01:00 DEBUG 47274 --- [stilles_auto] [tor-tcp-epoll-3] i.r.p.client.ReactorNettyClient          : [cid: 0x3][pid: 47457] Response: ReadyForQuery{transactionStatus=IDLE}
2025-12-03T21:52:17.094+01:00 DEBUG 47274 --- [stilles_auto] [tor-tcp-epoll-4] i.r.p.client.ReactorNettyClient          : [cid: 0x4] Request:  StartupMessage{, database='stilles_auto', username='postgres'}
2025-12-03T21:52:17.104+01:00 DEBUG 47274 --- [stilles_auto] [tor-tcp-epoll-4] i.r.p.client.ReactorNettyClient          : [cid: 0x4] Response: AuthenticationSASL{authenticationMechanisms=[SCRAM-SHA-256]}
2025-12-03T21:52:17.105+01:00 DEBUG 47274 --- [stilles_auto] [tor-tcp-epoll-4] i.r.p.client.ReactorNettyClient          : [cid: 0x4] Request:  SASLInitialResponse{initialResponse=java.nio.HeapByteBuffer[pos=0 lim=40 cap=44], name='SCRAM-SHA-256'}
2025-12-03T21:52:17.106+01:00 DEBUG 47274 --- [stilles_auto] [tor-tcp-epoll-4] i.r.p.client.ReactorNettyClient          : [cid: 0x4] Response: AuthenticationSASLContinue{data=java.nio.HeapByteBuffer[pos=0 lim=84 cap=84]}
2025-12-03T21:52:17.116+01:00 DEBUG 47274 --- [stilles_auto] [tor-tcp-epoll-4] i.r.p.client.ReactorNettyClient          : [cid: 0x4] Request:  SASLResponse{data=java.nio.HeapByteBuffer[pos=0 lim=104 cap=114]}
2025-12-03T21:52:17.119+01:00 DEBUG 47274 --- [stilles_auto] [tor-tcp-epoll-4] i.r.p.client.ReactorNettyClient          : [cid: 0x4] Response: AuthenticationSASLFinal{additionalData=java.nio.HeapByteBuffer[pos=0 lim=46 cap=46]}
2025-12-03T21:52:17.120+01:00 DEBUG 47274 --- [stilles_auto] [tor-tcp-epoll-4] i.r.p.client.ReactorNettyClient          : [cid: 0x4] Response: AuthenticationOk{}
2025-12-03T21:52:17.121+01:00 DEBUG 47274 --- [stilles_auto] [tor-tcp-epoll-4] i.r.p.client.ReactorNettyClient          : [cid: 0x4] Response: ParameterStatus{name='in_hot_standby', value='off'}
2025-12-03T21:52:17.121+01:00 DEBUG 47274 --- [stilles_auto] [tor-tcp-epoll-4] i.r.p.client.ReactorNettyClient          : [cid: 0x4] Response: ParameterStatus{name='integer_datetimes', value='on'}
2025-12-03T21:52:17.122+01:00 DEBUG 47274 --- [stilles_auto] [tor-tcp-epoll-4] i.r.p.client.ReactorNettyClient          : [cid: 0x4] Response: ParameterStatus{name='TimeZone', value='Africa/Douala'}
2025-12-03T21:52:17.122+01:00 DEBUG 47274 --- [stilles_auto] [tor-tcp-epoll-4] i.r.p.client.ReactorNettyClient          : [cid: 0x4] Response: ParameterStatus{name='IntervalStyle', value='postgres'}
2025-12-03T21:52:17.122+01:00 DEBUG 47274 --- [stilles_auto] [tor-tcp-epoll-4] i.r.p.client.ReactorNettyClient          : [cid: 0x4] Response: ParameterStatus{name='is_superuser', value='on'}
2025-12-03T21:52:17.123+01:00 DEBUG 47274 --- [stilles_auto] [tor-tcp-epoll-4] i.r.p.client.ReactorNettyClient          : [cid: 0x4] Response: ParameterStatus{name='application_name', value='r2dbc-postgresql'}
2025-12-03T21:52:17.123+01:00 DEBUG 47274 --- [stilles_auto] [tor-tcp-epoll-4] i.r.p.client.ReactorNettyClient          : [cid: 0x4] Response: ParameterStatus{name='default_transaction_read_only', value='off'}
2025-12-03T21:52:17.123+01:00 DEBUG 47274 --- [stilles_auto] [tor-tcp-epoll-4] i.r.p.client.ReactorNettyClient          : [cid: 0x4] Response: ParameterStatus{name='scram_iterations', value='4096'}
2025-12-03T21:52:17.124+01:00 DEBUG 47274 --- [stilles_auto] [tor-tcp-epoll-4] i.r.p.client.ReactorNettyClient          : [cid: 0x4] Response: ParameterStatus{name='DateStyle', value='ISO, MDY'}
2025-12-03T21:52:17.124+01:00 DEBUG 47274 --- [stilles_auto] [tor-tcp-epoll-4] i.r.p.client.ReactorNettyClient          : [cid: 0x4] Response: ParameterStatus{name='standard_conforming_strings', value='on'}
2025-12-03T21:52:17.124+01:00 DEBUG 47274 --- [stilles_auto] [tor-tcp-epoll-4] i.r.p.client.ReactorNettyClient          : [cid: 0x4] Response: ParameterStatus{name='session_authorization', value='postgres'}
2025-12-03T21:52:17.125+01:00 DEBUG 47274 --- [stilles_auto] [tor-tcp-epoll-4] i.r.p.client.ReactorNettyClient          : [cid: 0x4] Response: ParameterStatus{name='client_encoding', value='UTF8'}
2025-12-03T21:52:17.125+01:00 DEBUG 47274 --- [stilles_auto] [tor-tcp-epoll-4] i.r.p.client.ReactorNettyClient          : [cid: 0x4] Response: ParameterStatus{name='server_version', value='16.10 (Ubuntu 16.10-0ubuntu0.24.04.1)'}
2025-12-03T21:52:17.125+01:00 DEBUG 47274 --- [stilles_auto] [tor-tcp-epoll-4] i.r.p.client.ReactorNettyClient          : [cid: 0x4] Response: ParameterStatus{name='server_encoding', value='UTF8'}
2025-12-03T21:52:17.126+01:00 DEBUG 47274 --- [stilles_auto] [tor-tcp-epoll-4] i.r.p.client.ReactorNettyClient          : [cid: 0x4] Response: BackendKeyData{processId=47458, secretKey=661279968}
2025-12-03T21:52:17.126+01:00 DEBUG 47274 --- [stilles_auto] [tor-tcp-epoll-4] i.r.p.client.ReactorNettyClient          : [cid: 0x4][pid: 47458] Response: ReadyForQuery{transactionStatus=IDLE}
2025-12-03T21:52:17.134+01:00 DEBUG 47274 --- [stilles_auto] [tor-tcp-epoll-4] io.r2dbc.postgresql.QUERY                : [cid: 0x4][pid: 47458] Executing query: SHOW TRANSACTION ISOLATION LEVEL
2025-12-03T21:52:17.134+01:00 DEBUG 47274 --- [stilles_auto] [tor-tcp-epoll-4] i.r.p.client.ReactorNettyClient          : [cid: 0x4][pid: 47458] Request:  Query{query='SHOW TRANSACTION ISOLATION LEVEL'}
2025-12-03T21:52:17.136+01:00 DEBUG 47274 --- [stilles_auto] [tor-tcp-epoll-4] i.r.p.client.ReactorNettyClient          : [cid: 0x4][pid: 47458] Response: RowDescription{fields=[Field{column=0, dataType=25, dataTypeModifier=-1, dataTypeSize=-1, format=FORMAT_TEXT, name='transaction_isolation', table=0}]}
2025-12-03T21:52:17.137+01:00 DEBUG 47274 --- [stilles_auto] [tor-tcp-epoll-4] i.r.p.client.ReactorNettyClient          : [cid: 0x4][pid: 47458] Response: DataRow{columns=[PooledSlicedByteBuf(ridx: 0, widx: 14, cap: 14/14, unwrapped: PooledUnsafeDirectByteBuf(ridx: 72, widx: 88, cap: 1024))]}
2025-12-03T21:52:17.137+01:00 DEBUG 47274 --- [stilles_auto] [tor-tcp-epoll-4] i.r.p.client.ReactorNettyClient          : [cid: 0x4][pid: 47458] Response: CommandComplete{command=SHOW, rowId=null, rows=null}
2025-12-03T21:52:17.137+01:00 DEBUG 47274 --- [stilles_auto] [tor-tcp-epoll-4] i.r.p.client.ReactorNettyClient          : [cid: 0x4][pid: 47458] Response: ReadyForQuery{transactionStatus=IDLE}
2025-12-03T21:52:17.138+01:00 DEBUG 47274 --- [stilles_auto] [tor-tcp-epoll-4] io.r2dbc.postgresql.QUERY                : [cid: 0x4][pid: 47458] Executing query: SELECT * FROM pg_catalog.pg_type WHERE typname IN ('hstore','geometry','vector')
2025-12-03T21:52:17.139+01:00 DEBUG 47274 --- [stilles_auto] [tor-tcp-epoll-4] i.r.p.client.ReactorNettyClient          : [cid: 0x4][pid: 47458] Request:  Query{query='SELECT * FROM pg_catalog.pg_type WHERE typname IN ('hstore','geometry','vector')'}
2025-12-03T21:52:17.142+01:00 DEBUG 47274 --- [stilles_auto] [tor-tcp-epoll-4] i.r.p.client.ReactorNettyClient          : [cid: 0x4][pid: 47458] Response: RowDescription{fields=[Field{column=1, dataType=26, dataTypeModifier=-1, dataTypeSize=4, format=FORMAT_TEXT, name='oid', table=1247}, Field{column=2, dataType=19, dataTypeModifier=-1, dataTypeSize=64, format=FORMAT_TEXT, name='typname', table=1247}, Field{column=3, dataType=26, dataTypeModifier=-1, dataTypeSize=4, format=FORMAT_TEXT, name='typnamespace', table=1247}, Field{column=4, dataType=26, dataTypeModifier=-1, dataTypeSize=4, format=FORMAT_TEXT, name='typowner', table=1247}, Field{column=5, dataType=21, dataTypeModifier=-1, dataTypeSize=2, format=FORMAT_TEXT, name='typlen', table=1247}, Field{column=6, dataType=16, dataTypeModifier=-1, dataTypeSize=1, format=FORMAT_TEXT, name='typbyval', table=1247}, Field{column=7, dataType=18, dataTypeModifier=-1, dataTypeSize=1, format=FORMAT_TEXT, name='typtype', table=1247}, Field{column=8, dataType=18, dataTypeModifier=-1, dataTypeSize=1, format=FORMAT_TEXT, name='typcategory', table=1247}, Field{column=9, dataType=16, dataTypeModifier=-1, dataTypeSize=1, format=FORMAT_TEXT, name='typispreferred', table=1247}, Field{column=10, dataType=16, dataTypeModifier=-1, dataTypeSize=1, format=FORMAT_TEXT, name='typisdefined', table=1247}, Field{column=11, dataType=18, dataTypeModifier=-1, dataTypeSize=1, format=FORMAT_TEXT, name='typdelim', table=1247}, Field{column=12, dataType=26, dataTypeModifier=-1, dataTypeSize=4, format=FORMAT_TEXT, name='typrelid', table=1247}, Field{column=13, dataType=24, dataTypeModifier=-1, dataTypeSize=4, format=FORMAT_TEXT, name='typsubscript', table=1247}, Field{column=14, dataType=26, dataTypeModifier=-1, dataTypeSize=4, format=FORMAT_TEXT, name='typelem', table=1247}, Field{column=15, dataType=26, dataTypeModifier=-1, dataTypeSize=4, format=FORMAT_TEXT, name='typarray', table=1247}, Field{column=16, dataType=24, dataTypeModifier=-1, dataTypeSize=4, format=FORMAT_TEXT, name='typinput', table=1247}, Field{column=17, dataType=24, dataTypeModifier=-1, dataTypeSize=4, format=FORMAT_TEXT, name='typoutput', table=1247}, Field{column=18, dataType=24, dataTypeModifier=-1, dataTypeSize=4, format=FORMAT_TEXT, name='typreceive', table=1247}, Field{column=19, dataType=24, dataTypeModifier=-1, dataTypeSize=4, format=FORMAT_TEXT, name='typsend', table=1247}, Field{column=20, dataType=24, dataTypeModifier=-1, dataTypeSize=4, format=FORMAT_TEXT, name='typmodin', table=1247}, Field{column=21, dataType=24, dataTypeModifier=-1, dataTypeSize=4, format=FORMAT_TEXT, name='typmodout', table=1247}, Field{column=22, dataType=24, dataTypeModifier=-1, dataTypeSize=4, format=FORMAT_TEXT, name='typanalyze', table=1247}, Field{column=23, dataType=18, dataTypeModifier=-1, dataTypeSize=1, format=FORMAT_TEXT, name='typalign', table=1247}, Field{column=24, dataType=18, dataTypeModifier=-1, dataTypeSize=1, format=FORMAT_TEXT, name='typstorage', table=1247}, Field{column=25, dataType=16, dataTypeModifier=-1, dataTypeSize=1, format=FORMAT_TEXT, name='typnotnull', table=1247}, Field{column=26, dataType=26, dataTypeModifier=-1, dataTypeSize=4, format=FORMAT_TEXT, name='typbasetype', table=1247}, Field{column=27, dataType=23, dataTypeModifier=-1, dataTypeSize=4, format=FORMAT_TEXT, name='typtypmod', table=1247}, Field{column=28, dataType=23, dataTypeModifier=-1, dataTypeSize=4, format=FORMAT_TEXT, name='typndims', table=1247}, Field{column=29, dataType=26, dataTypeModifier=-1, dataTypeSize=4, format=FORMAT_TEXT, name='typcollation', table=1247}, Field{column=30, dataType=194, dataTypeModifier=-1, dataTypeSize=-1, format=FORMAT_TEXT, name='typdefaultbin', table=1247}, Field{column=31, dataType=25, dataTypeModifier=-1, dataTypeSize=-1, format=FORMAT_TEXT, name='typdefault', table=1247}, Field{column=32, dataType=1034, dataTypeModifier=-1, dataTypeSize=-1, format=FORMAT_TEXT, name='typacl', table=1247}]}
2025-12-03T21:52:17.143+01:00 DEBUG 47274 --- [stilles_auto] [tor-tcp-epoll-4] i.r.p.client.ReactorNettyClient          : [cid: 0x4][pid: 47458] Response: CommandComplete{command=SELECT, rowId=null, rows=0}
2025-12-03T21:52:17.143+01:00 DEBUG 47274 --- [stilles_auto] [tor-tcp-epoll-4] i.r.p.client.ReactorNettyClient          : [cid: 0x4][pid: 47458] Response: ReadyForQuery{transactionStatus=IDLE}
2025-12-03T21:52:17.146+01:00 DEBUG 47274 --- [stilles_auto] [tor-tcp-epoll-5] i.r.p.client.ReactorNettyClient          : [cid: 0x5] Request:  StartupMessage{, database='stilles_auto', username='postgres'}
2025-12-03T21:52:17.153+01:00 DEBUG 47274 --- [stilles_auto] [tor-tcp-epoll-5] i.r.p.client.ReactorNettyClient          : [cid: 0x5] Response: AuthenticationSASL{authenticationMechanisms=[SCRAM-SHA-256]}
2025-12-03T21:52:17.154+01:00 DEBUG 47274 --- [stilles_auto] [tor-tcp-epoll-5] i.r.p.client.ReactorNettyClient          : [cid: 0x5] Request:  SASLInitialResponse{initialResponse=java.nio.HeapByteBuffer[pos=0 lim=40 cap=44], name='SCRAM-SHA-256'}
2025-12-03T21:52:17.154+01:00 DEBUG 47274 --- [stilles_auto] [tor-tcp-epoll-5] i.r.p.client.ReactorNettyClient          : [cid: 0x5] Response: AuthenticationSASLContinue{data=java.nio.HeapByteBuffer[pos=0 lim=84 cap=84]}
2025-12-03T21:52:17.160+01:00 DEBUG 47274 --- [stilles_auto] [tor-tcp-epoll-5] i.r.p.client.ReactorNettyClient          : [cid: 0x5] Request:  SASLResponse{data=java.nio.HeapByteBuffer[pos=0 lim=104 cap=114]}
2025-12-03T21:52:17.163+01:00 DEBUG 47274 --- [stilles_auto] [tor-tcp-epoll-5] i.r.p.client.ReactorNettyClient          : [cid: 0x5] Response: AuthenticationSASLFinal{additionalData=java.nio.HeapByteBuffer[pos=0 lim=46 cap=46]}
2025-12-03T21:52:17.164+01:00 DEBUG 47274 --- [stilles_auto] [tor-tcp-epoll-5] i.r.p.client.ReactorNettyClient          : [cid: 0x5] Response: AuthenticationOk{}
2025-12-03T21:52:17.164+01:00 DEBUG 47274 --- [stilles_auto] [tor-tcp-epoll-5] i.r.p.client.ReactorNettyClient          : [cid: 0x5] Response: ParameterStatus{name='in_hot_standby', value='off'}
2025-12-03T21:52:17.165+01:00 DEBUG 47274 --- [stilles_auto] [tor-tcp-epoll-5] i.r.p.client.ReactorNettyClient          : [cid: 0x5] Response: ParameterStatus{name='integer_datetimes', value='on'}
2025-12-03T21:52:17.165+01:00 DEBUG 47274 --- [stilles_auto] [tor-tcp-epoll-5] i.r.p.client.ReactorNettyClient          : [cid: 0x5] Response: ParameterStatus{name='TimeZone', value='Africa/Douala'}
2025-12-03T21:52:17.165+01:00 DEBUG 47274 --- [stilles_auto] [tor-tcp-epoll-5] i.r.p.client.ReactorNettyClient          : [cid: 0x5] Response: ParameterStatus{name='IntervalStyle', value='postgres'}
2025-12-03T21:52:17.166+01:00 DEBUG 47274 --- [stilles_auto] [tor-tcp-epoll-5] i.r.p.client.ReactorNettyClient          : [cid: 0x5] Response: ParameterStatus{name='is_superuser', value='on'}
2025-12-03T21:52:17.166+01:00 DEBUG 47274 --- [stilles_auto] [tor-tcp-epoll-5] i.r.p.client.ReactorNettyClient          : [cid: 0x5] Response: ParameterStatus{name='application_name', value='r2dbc-postgresql'}
2025-12-03T21:52:17.166+01:00 DEBUG 47274 --- [stilles_auto] [tor-tcp-epoll-5] i.r.p.client.ReactorNettyClient          : [cid: 0x5] Response: ParameterStatus{name='default_transaction_read_only', value='off'}
2025-12-03T21:52:17.166+01:00 DEBUG 47274 --- [stilles_auto] [tor-tcp-epoll-5] i.r.p.client.ReactorNettyClient          : [cid: 0x5] Response: ParameterStatus{name='scram_iterations', value='4096'}
2025-12-03T21:52:17.167+01:00 DEBUG 47274 --- [stilles_auto] [tor-tcp-epoll-5] i.r.p.client.ReactorNettyClient          : [cid: 0x5] Response: ParameterStatus{name='DateStyle', value='ISO, MDY'}
2025-12-03T21:52:17.167+01:00 DEBUG 47274 --- [stilles_auto] [tor-tcp-epoll-5] i.r.p.client.ReactorNettyClient          : [cid: 0x5] Response: ParameterStatus{name='standard_conforming_strings', value='on'}
2025-12-03T21:52:17.167+01:00 DEBUG 47274 --- [stilles_auto] [tor-tcp-epoll-5] i.r.p.client.ReactorNettyClient          : [cid: 0x5] Response: ParameterStatus{name='session_authorization', value='postgres'}
2025-12-03T21:52:17.167+01:00 DEBUG 47274 --- [stilles_auto] [tor-tcp-epoll-5] i.r.p.client.ReactorNettyClient          : [cid: 0x5] Response: ParameterStatus{name='client_encoding', value='UTF8'}
2025-12-03T21:52:17.168+01:00 DEBUG 47274 --- [stilles_auto] [tor-tcp-epoll-5] i.r.p.client.ReactorNettyClient          : [cid: 0x5] Response: ParameterStatus{name='server_version', value='16.10 (Ubuntu 16.10-0ubuntu0.24.04.1)'}
2025-12-03T21:52:17.168+01:00 DEBUG 47274 --- [stilles_auto] [tor-tcp-epoll-5] i.r.p.client.ReactorNettyClient          : [cid: 0x5] Response: ParameterStatus{name='server_encoding', value='UTF8'}
2025-12-03T21:52:17.168+01:00 DEBUG 47274 --- [stilles_auto] [tor-tcp-epoll-5] i.r.p.client.ReactorNettyClient          : [cid: 0x5] Response: BackendKeyData{processId=47459, secretKey=1854126827}
2025-12-03T21:52:17.168+01:00 DEBUG 47274 --- [stilles_auto] [tor-tcp-epoll-5] i.r.p.client.ReactorNettyClient          : [cid: 0x5][pid: 47459] Response: ReadyForQuery{transactionStatus=IDLE}
2025-12-03T21:52:17.180+01:00 DEBUG 47274 --- [stilles_auto] [tor-tcp-epoll-5] io.r2dbc.postgresql.QUERY                : [cid: 0x5][pid: 47459] Executing query: SHOW TRANSACTION ISOLATION LEVEL
2025-12-03T21:52:17.180+01:00 DEBUG 47274 --- [stilles_auto] [tor-tcp-epoll-5] i.r.p.client.ReactorNettyClient          : [cid: 0x5][pid: 47459] Request:  Query{query='SHOW TRANSACTION ISOLATION LEVEL'}
2025-12-03T21:52:17.183+01:00 DEBUG 47274 --- [stilles_auto] [tor-tcp-epoll-5] i.r.p.client.ReactorNettyClient          : [cid: 0x5][pid: 47459] Response: RowDescription{fields=[Field{column=0, dataType=25, dataTypeModifier=-1, dataTypeSize=-1, format=FORMAT_TEXT, name='transaction_isolation', table=0}]}
2025-12-03T21:52:17.184+01:00 DEBUG 47274 --- [stilles_auto] [tor-tcp-epoll-5] i.r.p.client.ReactorNettyClient          : [cid: 0x5][pid: 47459] Response: DataRow{columns=[PooledSlicedByteBuf(ridx: 0, widx: 14, cap: 14/14, unwrapped: PooledUnsafeDirectByteBuf(ridx: 72, widx: 88, cap: 1024))]}
2025-12-03T21:52:17.185+01:00 DEBUG 47274 --- [stilles_auto] [tor-tcp-epoll-5] i.r.p.client.ReactorNettyClient          : [cid: 0x5][pid: 47459] Response: CommandComplete{command=SHOW, rowId=null, rows=null}
2025-12-03T21:52:17.185+01:00 DEBUG 47274 --- [stilles_auto] [tor-tcp-epoll-5] i.r.p.client.ReactorNettyClient          : [cid: 0x5][pid: 47459] Response: ReadyForQuery{transactionStatus=IDLE}
2025-12-03T21:52:17.186+01:00 DEBUG 47274 --- [stilles_auto] [tor-tcp-epoll-5] io.r2dbc.postgresql.QUERY                : [cid: 0x5][pid: 47459] Executing query: SELECT * FROM pg_catalog.pg_type WHERE typname IN ('hstore','geometry','vector')
2025-12-03T21:52:17.186+01:00 DEBUG 47274 --- [stilles_auto] [tor-tcp-epoll-5] i.r.p.client.ReactorNettyClient          : [cid: 0x5][pid: 47459] Request:  Query{query='SELECT * FROM pg_catalog.pg_type WHERE typname IN ('hstore','geometry','vector')'}
2025-12-03T21:52:17.188+01:00  INFO 47274 --- [stilles_auto] [           main] c.s.s.StillesAutoApplicationTests        : Started StillesAutoApplicationTests in 10.566 seconds (process running for 12.664)
2025-12-03T21:52:17.190+01:00 DEBUG 47274 --- [stilles_auto] [tor-tcp-epoll-5] i.r.p.client.ReactorNettyClient          : [cid: 0x5][pid: 47459] Response: RowDescription{fields=[Field{column=1, dataType=26, dataTypeModifier=-1, dataTypeSize=4, format=FORMAT_TEXT, name='oid', table=1247}, Field{column=2, dataType=19, dataTypeModifier=-1, dataTypeSize=64, format=FORMAT_TEXT, name='typname', table=1247}, Field{column=3, dataType=26, dataTypeModifier=-1, dataTypeSize=4, format=FORMAT_TEXT, name='typnamespace', table=1247}, Field{column=4, dataType=26, dataTypeModifier=-1, dataTypeSize=4, format=FORMAT_TEXT, name='typowner', table=1247}, Field{column=5, dataType=21, dataTypeModifier=-1, dataTypeSize=2, format=FORMAT_TEXT, name='typlen', table=1247}, Field{column=6, dataType=16, dataTypeModifier=-1, dataTypeSize=1, format=FORMAT_TEXT, name='typbyval', table=1247}, Field{column=7, dataType=18, dataTypeModifier=-1, dataTypeSize=1, format=FORMAT_TEXT, name='typtype', table=1247}, Field{column=8, dataType=18, dataTypeModifier=-1, dataTypeSize=1, format=FORMAT_TEXT, name='typcategory', table=1247}, Field{column=9, dataType=16, dataTypeModifier=-1, dataTypeSize=1, format=FORMAT_TEXT, name='typispreferred', table=1247}, Field{column=10, dataType=16, dataTypeModifier=-1, dataTypeSize=1, format=FORMAT_TEXT, name='typisdefined', table=1247}, Field{column=11, dataType=18, dataTypeModifier=-1, dataTypeSize=1, format=FORMAT_TEXT, name='typdelim', table=1247}, Field{column=12, dataType=26, dataTypeModifier=-1, dataTypeSize=4, format=FORMAT_TEXT, name='typrelid', table=1247}, Field{column=13, dataType=24, dataTypeModifier=-1, dataTypeSize=4, format=FORMAT_TEXT, name='typsubscript', table=1247}, Field{column=14, dataType=26, dataTypeModifier=-1, dataTypeSize=4, format=FORMAT_TEXT, name='typelem', table=1247}, Field{column=15, dataType=26, dataTypeModifier=-1, dataTypeSize=4, format=FORMAT_TEXT, name='typarray', table=1247}, Field{column=16, dataType=24, dataTypeModifier=-1, dataTypeSize=4, format=FORMAT_TEXT, name='typinput', table=1247}, Field{column=17, dataType=24, dataTypeModifier=-1, dataTypeSize=4, format=FORMAT_TEXT, name='typoutput', table=1247}, Field{column=18, dataType=24, dataTypeModifier=-1, dataTypeSize=4, format=FORMAT_TEXT, name='typreceive', table=1247}, Field{column=19, dataType=24, dataTypeModifier=-1, dataTypeSize=4, format=FORMAT_TEXT, name='typsend', table=1247}, Field{column=20, dataType=24, dataTypeModifier=-1, dataTypeSize=4, format=FORMAT_TEXT, name='typmodin', table=1247}, Field{column=21, dataType=24, dataTypeModifier=-1, dataTypeSize=4, format=FORMAT_TEXT, name='typmodout', table=1247}, Field{column=22, dataType=24, dataTypeModifier=-1, dataTypeSize=4, format=FORMAT_TEXT, name='typanalyze', table=1247}, Field{column=23, dataType=18, dataTypeModifier=-1, dataTypeSize=1, format=FORMAT_TEXT, name='typalign', table=1247}, Field{column=24, dataType=18, dataTypeModifier=-1, dataTypeSize=1, format=FORMAT_TEXT, name='typstorage', table=1247}, Field{column=25, dataType=16, dataTypeModifier=-1, dataTypeSize=1, format=FORMAT_TEXT, name='typnotnull', table=1247}, Field{column=26, dataType=26, dataTypeModifier=-1, dataTypeSize=4, format=FORMAT_TEXT, name='typbasetype', table=1247}, Field{column=27, dataType=23, dataTypeModifier=-1, dataTypeSize=4, format=FORMAT_TEXT, name='typtypmod', table=1247}, Field{column=28, dataType=23, dataTypeModifier=-1, dataTypeSize=4, format=FORMAT_TEXT, name='typndims', table=1247}, Field{column=29, dataType=26, dataTypeModifier=-1, dataTypeSize=4, format=FORMAT_TEXT, name='typcollation', table=1247}, Field{column=30, dataType=194, dataTypeModifier=-1, dataTypeSize=-1, format=FORMAT_TEXT, name='typdefaultbin', table=1247}, Field{column=31, dataType=25, dataTypeModifier=-1, dataTypeSize=-1, format=FORMAT_TEXT, name='typdefault', table=1247}, Field{column=32, dataType=1034, dataTypeModifier=-1, dataTypeSize=-1, format=FORMAT_TEXT, name='typacl', table=1247}]}
2025-12-03T21:52:17.191+01:00 DEBUG 47274 --- [stilles_auto] [tor-tcp-epoll-5] i.r.p.client.ReactorNettyClient          : [cid: 0x5][pid: 47459] Response: CommandComplete{command=SELECT, rowId=null, rows=0}
2025-12-03T21:52:17.192+01:00 DEBUG 47274 --- [stilles_auto] [tor-tcp-epoll-5] i.r.p.client.ReactorNettyClient          : [cid: 0x5][pid: 47459] Response: ReadyForQuery{transactionStatus=IDLE}
]]></system-out>
    <system-err><![CDATA[Dec 03, 2025 9:52:05 PM org.junit.platform.launcher.core.LauncherConfigurationParameters loadClasspathResource
WARNING: Discovered 2 'junit-platform.properties' configuration files in the classpath; only the first will be used.
Dec 03, 2025 9:52:05 PM org.junit.platform.launcher.core.LauncherConfigurationParameters loadClasspathResource
WARNING: Discovered 2 'junit-platform.properties' configuration files in the classpath; only the first will be used.
Dec 03, 2025 9:52:05 PM org.junit.platform.launcher.core.LauncherConfigurationParameters loadClasspathResource
WARNING: Discovered 2 'junit-platform.properties' configuration files in the classpath; only the first will be used.
WARNING: A Java agent has been loaded dynamically (/home/varnel/.m2/repository/net/bytebuddy/byte-buddy-agent/1.14.18/byte-buddy-agent-1.14.18.jar)
WARNING: If a serviceability tool is in use, please run with -XX:+EnableDynamicAgentLoading to hide this warning
WARNING: If a serviceability tool is not in use, please run with -Djdk.instrument.traceUsage for more information
WARNING: Dynamic loading of agents will be disallowed by default in a future release
]]></system-err>
  </testcase>
</testsuite>